#
# There is insufficient memory for the Java Runtime Environment to continue.
# Native memory allocation (malloc) failed to allocate 87031808 bytes for committing reserved memory.
# Possible reasons:
#   The system is out of physical RAM or swap space
#   In 32 bit mode, the process size limit was hit
# Possible solutions:
#   Reduce memory load on the system
#   Increase physical memory or swap space
#   Check if swap backing store is full
#   Use 64 bit Java on a 64 bit OS
#   Decrease Java heap size (-Xmx/-Xms)
#   Decrease number of Java threads
#   Decrease Java thread stack sizes (-Xss)
#   Set larger code cache with -XX:ReservedCodeCacheSize=
# This output file may be truncated or incomplete.
#
#  Out of Memory Error (os_linux.cpp:2809), pid=17960, tid=140177459619584
#
# JRE version: OpenJDK Runtime Environment (7.0_79-b14) (build 1.7.0_79-b14)
# Java VM: OpenJDK 64-Bit Server VM (24.79-b02 mixed mode linux-amd64 compressed oops)
# Derivative: IcedTea 2.5.5
# Distribution: Ubuntu 14.04 LTS, package 7u79-2.5.5-0ubuntu0.14.04.2
# Failed to write core dump. Core dumps have been disabled. To enable core dumping, try "ulimit -c unlimited" before starting Java again
#

---------------  T H R E A D  ---------------

Current thread (0x00007f7dc407e800):  VMThread [stack: 0x00007f7d9b9fa000,0x00007f7d9bafb000] [id=18078]

Stack: [0x00007f7d9b9fa000,0x00007f7d9bafb000],  sp=0x00007f7d9baf9490,  free space=1021k
Native frames: (J=compiled Java code, j=interpreted, Vv=VM code, C=native code)
V  [libjvm.so+0x94aec5]  VMError::report_and_die()+0x175
V  [libjvm.so+0x48b9c4]  report_vm_out_of_memory(char const*, int, unsigned long, char const*)+0x74
V  [libjvm.so+0x7c806b]  os::pd_commit_memory(char*, unsigned long, unsigned long, bool)+0xeb
V  [libjvm.so+0x7c2b0f]  os::commit_memory(char*, unsigned long, unsigned long, bool)+0x1f
V  [libjvm.so+0x83500b]  PSVirtualSpace::expand_by(unsigned long)+0x5b
V  [libjvm.so+0x835e60]  PSYoungGen::resize_generation(unsigned long, unsigned long)+0xb0
V  [libjvm.so+0x83654b]  PSYoungGen::resize(unsigned long, unsigned long)+0x1b
V  [libjvm.so+0x832830]  PSScavenge::invoke_no_policy()+0xde0
V  [libjvm.so+0x833008]  PSScavenge::invoke()+0x38
V  [libjvm.so+0x7e96f3]  ParallelScavengeHeap::failed_mem_allocate(unsigned long)+0x63
V  [libjvm.so+0x94c8c4]  VM_ParallelGCFailedAllocation::doit()+0x84
V  [libjvm.so+0x950dc7]  VM_Operation::evaluate()+0x47
V  [libjvm.so+0x94f738]  VMThread::evaluate_operation(VM_Operation*)+0x318
V  [libjvm.so+0x94fb99]  VMThread::loop()+0x219
V  [libjvm.so+0x94ffe2]  VMThread::run()+0x72
V  [libjvm.so+0x7c4f32]  java_start(Thread*)+0xf2

VM_Operation (0x00007f7d995532a0): ParallelGCFailedAllocation, mode: safepoint, requested by thread 0x00007f7dc41bc000


---------------  P R O C E S S  ---------------

Java Threads: ( => current thread )
  0x00007f7dc41be000 JavaThread "pool-1-thread-4" [_thread_blocked, id=18174, stack(0x00007f7d99353000,0x00007f7d99454000)]
  0x00007f7dc41bc000 JavaThread "pool-1-thread-3" [_thread_blocked, id=18163, stack(0x00007f7d99454000,0x00007f7d99555000)]
  0x00007f7dc41b9000 JavaThread "pool-1-thread-2" [_thread_blocked, id=18161, stack(0x00007f7d99555000,0x00007f7d99656000)]
  0x00007f7dc41b6000 JavaThread "pool-2-thread-1" [_thread_blocked, id=18158, stack(0x00007f7d99656000,0x00007f7d99757000)]
  0x00007f7dc41b2800 JavaThread "pool-1-thread-1" [_thread_blocked, id=18157, stack(0x00007f7d99757000,0x00007f7d99858000)]
  0x00007f7dc40b9000 JavaThread "Service Thread" daemon [_thread_blocked, id=18140, stack(0x00007f7d9b12b000,0x00007f7d9b22c000)]
  0x00007f7dc40b6800 JavaThread "C2 CompilerThread1" daemon [_thread_blocked, id=18139, stack(0x00007f7d9b22c000,0x00007f7d9b32d000)]
  0x00007f7dc40b3800 JavaThread "C2 CompilerThread0" daemon [_thread_blocked, id=18138, stack(0x00007f7d9b32d000,0x00007f7d9b42e000)]
  0x00007f7dc40b1800 JavaThread "Signal Dispatcher" daemon [_thread_blocked, id=18112, stack(0x00007f7d9b42e000,0x00007f7d9b52f000)]
  0x00007f7dc4085000 JavaThread "Finalizer" daemon [_thread_blocked, id=18101, stack(0x00007f7d9b7f8000,0x00007f7d9b8f9000)]
  0x00007f7dc4083000 JavaThread "Reference Handler" daemon [_thread_blocked, id=18091, stack(0x00007f7d9b8f9000,0x00007f7d9b9fa000)]
  0x00007f7dc400a800 JavaThread "main" [_thread_blocked, id=18008, stack(0x00007f7dcb1bb000,0x00007f7dcb2bc000)]

Other Threads:
=>0x00007f7dc407e800 VMThread [stack: 0x00007f7d9b9fa000,0x00007f7d9bafb000] [id=18078]
  0x00007f7dc40c3800 WatcherThread [stack: 0x00007f7d9b02a000,0x00007f7d9b12b000] [id=18141]

VM state:at safepoint (normal execution)

VM Mutex/Monitor currently owned by a thread:  ([mutex/lock_event])
[0x00007f7dc4006ac0] Threads_lock - owner thread: 0x00007f7dc407e800
[0x00007f7dc4006fc0] Heap_lock - owner thread: 0x00007f7dc41bc000

Heap
 PSYoungGen      total 140288K, used 19426K [0x00000000eaa80000, 0x00000000f4a80000, 0x0000000100000000)
  eden space 120832K, 0% used [0x00000000eaa80000,0x00000000eaa80000,0x00000000f2080000)
  from space 19456K, 99% used [0x00000000f2080000,0x00000000f3378838,0x00000000f3380000)
  to   space 15360K, 0% used [0x00000000f3380000,0x00000000f3380000,0x00000000f4280000)
 ParOldGen       total 42496K, used 42076K [0x00000000c0000000, 0x00000000c2980000, 0x00000000eaa80000)
  object space 42496K, 99% used [0x00000000c0000000,0x00000000c29170a0,0x00000000c2980000)
 PSPermGen       total 21504K, used 6245K [0x00000000b5a00000, 0x00000000b6f00000, 0x00000000c0000000)
  object space 21504K, 29% used [0x00000000b5a00000,0x00000000b60194b8,0x00000000b6f00000)

Card table byte_map: [0x00007f7dc0ba3000,0x00007f7dc0df7000] byte_map_base: 0x00007f7dc05f6000

Polling page: 0x00007f7dcb2e3000

Code Cache  [0x00007f7dc0df7000, 0x00007f7dc1067000, 0x00007f7dc3df7000)
 total_blobs=651 nmethods=421 adapters=184 free_code_cache=47260Kb largest_free_block=48352128

Compilation events (10 events):
Event: 62.747 Thread 0x00007f7dc40b3800 nmethod 423 0x00007f7dc0f2bf90 code [0x00007f7dc0f2c140, 0x00007f7dc0f2c998]
Event: 62.748 Thread 0x00007f7dc40b3800  424             com.android.dx.ssa.DeadCodeRemover::isCircularNoSideEffect (140 bytes)
Event: 64.739 Thread 0x00007f7dc40b6800 nmethod 422 0x00007f7dc0fd1610 code [0x00007f7dc0fd1980, 0x00007f7dc0fd2e30]
Event: 64.739 Thread 0x00007f7dc40b6800  425             com.android.dx.ssa.back.LivenessAnalyzer::constructInterferenceGraph (47 bytes)
Event: 64.789 Thread 0x00007f7dc40b6800 nmethod 425 0x00007f7dc0f21610 code [0x00007f7dc0f217c0, 0x00007f7dc0f21d48]
Event: 64.789 Thread 0x00007f7dc40b6800  426 %           com.android.dx.ssa.LocalVariableExtractor::processBlock @ 119 (383 bytes)
Event: 64.942 Thread 0x00007f7dc40b3800 nmethod 424 0x00007f7dc0fd6310 code [0x00007f7dc0fd6600, 0x00007f7dc0fd7f88]
Event: 64.945 Thread 0x00007f7dc40b3800  427             java.util.ArrayList::removeRange (75 bytes)
Event: 64.953 Thread 0x00007f7dc40b3800 nmethod 427 0x00007f7dc0f275d0 code [0x00007f7dc0f27720, 0x00007f7dc0f27898]
Event: 64.953 Thread 0x00007f7dc40b3800  428             com.android.dx.dex.code.RopToDop::dopFor (792 bytes)

GC Heap History (10 events):
Event: 28.026 GC heap after
Heap after GC invocations=4 (full 0):
 PSYoungGen      total 34304K, used 2528K [0x00000000eaa80000, 0x00000000ece80000, 0x0000000100000000)
  eden space 31744K, 0% used [0x00000000eaa80000,0x00000000eaa80000,0x00000000ec980000)
  from space 2560K, 98% used [0x00000000ecc00000,0x00000000ece78048,0x00000000ece80000)
  to   space 2560K, 0% used [0x00000000ec980000,0x00000000ec980000,0x00000000ecc00000)
 ParOldGen       total 41984K, used 9268K [0x00000000c0000000, 0x00000000c2900000, 0x00000000eaa80000)
  object space 41984K, 22% used [0x00000000c0000000,0x00000000c090d2c8,0x00000000c2900000)
 PSPermGen       total 21504K, used 6058K [0x00000000b5a00000, 0x00000000b6f00000, 0x00000000c0000000)
  object space 21504K, 28% used [0x00000000b5a00000,0x00000000b5fea890,0x00000000b6f00000)
}
Event: 32.978 GC heap before
{Heap before GC invocations=5 (full 0):
 PSYoungGen      total 34304K, used 34272K [0x00000000eaa80000, 0x00000000ece80000, 0x0000000100000000)
  eden space 31744K, 100% used [0x00000000eaa80000,0x00000000ec980000,0x00000000ec980000)
  from space 2560K, 98% used [0x00000000ecc00000,0x00000000ece78048,0x00000000ece80000)
  to   space 2560K, 0% used [0x00000000ec980000,0x00000000ec980000,0x00000000ecc00000)
 ParOldGen       total 41984K, used 9268K [0x00000000c0000000, 0x00000000c2900000, 0x00000000eaa80000)
  object space 41984K, 22% used [0x00000000c0000000,0x00000000c090d2c8,0x00000000c2900000)
 PSPermGen       total 21504K, used 6086K [0x00000000b5a00000, 0x00000000b6f00000, 0x00000000c0000000)
  object space 21504K, 28% used [0x00000000b5a00000,0x00000000b5ff1b30,0x00000000b6f00000)
Event: 33.070 GC heap after
Heap after GC invocations=5 (full 0):
 PSYoungGen      total 34304K, used 2544K [0x00000000eaa80000, 0x00000000ef880000, 0x0000000100000000)
  eden space 31744K, 0% used [0x00000000eaa80000,0x00000000eaa80000,0x00000000ec980000)
  from space 2560K, 99% used [0x00000000ec980000,0x00000000ecbfc3d0,0x00000000ecc00000)
  to   space 8192K, 0% used [0x00000000ef080000,0x00000000ef080000,0x00000000ef880000)
 ParOldGen       total 41984K, used 14914K [0x00000000c0000000, 0x00000000c2900000, 0x00000000eaa80000)
  object space 41984K, 35% used [0x00000000c0000000,0x00000000c0e90990,0x00000000c2900000)
 PSPermGen       total 21504K, used 6086K [0x00000000b5a00000, 0x00000000b6f00000, 0x00000000c0000000)
  object space 21504K, 28% used [0x00000000b5a00000,0x00000000b5ff1b30,0x00000000b6f00000)
}
Event: 38.864 GC heap before
{Heap before GC invocations=6 (full 0):
 PSYoungGen      total 34304K, used 34288K [0x00000000eaa80000, 0x00000000ef880000, 0x0000000100000000)
  eden space 31744K, 100% used [0x00000000eaa80000,0x00000000ec980000,0x00000000ec980000)
  from space 2560K, 99% used [0x00000000ec980000,0x00000000ecbfc3d0,0x00000000ecc00000)
  to   space 8192K, 0% used [0x00000000ef080000,0x00000000ef080000,0x00000000ef880000)
 ParOldGen       total 41984K, used 14914K [0x00000000c0000000, 0x00000000c2900000, 0x00000000eaa80000)
  object space 41984K, 35% used [0x00000000c0000000,0x00000000c0e90990,0x00000000c2900000)
 PSPermGen       total 21504K, used 6110K [0x00000000b5a00000, 0x00000000b6f00000, 0x00000000c0000000)
  object space 21504K, 28% used [0x00000000b5a00000,0x00000000b5ff7908,0x00000000b6f00000)
Event: 38.962 GC heap after
Heap after GC invocations=6 (full 0):
 PSYoungGen      total 70656K, used 7843K [0x00000000eaa80000, 0x00000000efa80000, 0x0000000100000000)
  eden space 62464K, 0% used [0x00000000eaa80000,0x00000000eaa80000,0x00000000ee780000)
  from space 8192K, 95% used [0x00000000ef080000,0x00000000ef828fb0,0x00000000ef880000)
  to   space 9216K, 0% used [0x00000000ee780000,0x00000000ee780000,0x00000000ef080000)
 ParOldGen       total 41984K, used 14914K [0x00000000c0000000, 0x00000000c2900000, 0x00000000eaa80000)
  object space 41984K, 35% used [0x00000000c0000000,0x00000000c0e90990,0x00000000c2900000)
 PSPermGen       total 21504K, used 6110K [0x00000000b5a00000, 0x00000000b6f00000, 0x00000000c0000000)
  object space 21504K, 28% used [0x00000000b5a00000,0x00000000b5ff7908,0x00000000b6f00000)
}
Event: 47.080 GC heap before
{Heap before GC invocations=7 (full 0):
 PSYoungGen      total 70656K, used 70307K [0x00000000eaa80000, 0x00000000efa80000, 0x0000000100000000)
  eden space 62464K, 100% used [0x00000000eaa80000,0x00000000ee780000,0x00000000ee780000)
  from space 8192K, 95% used [0x00000000ef080000,0x00000000ef828fb0,0x00000000ef880000)
  to   space 9216K, 0% used [0x00000000ee780000,0x00000000ee780000,0x00000000ef080000)
 ParOldGen       total 41984K, used 14914K [0x00000000c0000000, 0x00000000c2900000, 0x00000000eaa80000)
  object space 41984K, 35% used [0x00000000c0000000,0x00000000c0e90990,0x00000000c2900000)
 PSPermGen       total 21504K, used 6156K [0x00000000b5a00000, 0x00000000b6f00000, 0x00000000c0000000)
  object space 21504K, 28% used [0x00000000b5a00000,0x00000000b60033f0,0x00000000b6f00000)
Event: 47.727 GC heap after
Heap after GC invocations=7 (full 0):
 PSYoungGen      total 71680K, used 9196K [0x00000000eaa80000, 0x00000000f4280000, 0x0000000100000000)
  eden space 62464K, 0% used [0x00000000eaa80000,0x00000000eaa80000,0x00000000ee780000)
  from space 9216K, 99% used [0x00000000ee780000,0x00000000ef07b3d8,0x00000000ef080000)
  to   space 15360K, 0% used [0x00000000f3380000,0x00000000f3380000,0x00000000f4280000)
 ParOldGen       total 41984K, used 24639K [0x00000000c0000000, 0x00000000c2900000, 0x00000000eaa80000)
  object space 41984K, 58% used [0x00000000c0000000,0x00000000c180fe98,0x00000000c2900000)
 PSPermGen       total 21504K, used 6156K [0x00000000b5a00000, 0x00000000b6f00000, 0x00000000c0000000)
  object space 21504K, 28% used [0x00000000b5a00000,0x00000000b60033f0,0x00000000b6f00000)
}
Event: 54.571 GC heap before
{Heap before GC invocations=8 (full 0):
 PSYoungGen      total 71680K, used 71660K [0x00000000eaa80000, 0x00000000f4280000, 0x0000000100000000)
  eden space 62464K, 100% used [0x00000000eaa80000,0x00000000ee780000,0x00000000ee780000)
  from space 9216K, 99% used [0x00000000ee780000,0x00000000ef07b3d8,0x00000000ef080000)
  to   space 15360K, 0% used [0x00000000f3380000,0x00000000f3380000,0x00000000f4280000)
 ParOldGen       total 41984K, used 24639K [0x00000000c0000000, 0x00000000c2900000, 0x00000000eaa80000)
  object space 41984K, 58% used [0x00000000c0000000,0x00000000c180fe98,0x00000000c2900000)
 PSPermGen       total 21504K, used 6170K [0x00000000b5a00000, 0x00000000b6f00000, 0x00000000c0000000)
  object space 21504K, 28% used [0x00000000b5a00000,0x00000000b60069d8,0x00000000b6f00000)
Event: 54.846 GC heap after
Heap after GC invocations=8 (full 0):
 PSYoungGen      total 136192K, used 15353K [0x00000000eaa80000, 0x00000000f4a80000, 0x0000000100000000)
  eden space 120832K, 0% used [0x00000000eaa80000,0x00000000eaa80000,0x00000000f2080000)
  from space 15360K, 99% used [0x00000000f3380000,0x00000000f427e7f8,0x00000000f4280000)
  to   space 19456K, 0% used [0x00000000f2080000,0x00000000f2080000,0x00000000f3380000)
 ParOldGen       total 41984K, used 28420K [0x00000000c0000000, 0x00000000c2900000, 0x00000000eaa80000)
  object space 41984K, 67% used [0x00000000c0000000,0x00000000c1bc1318,0x00000000c2900000)
 PSPermGen       total 21504K, used 6170K [0x00000000b5a00000, 0x00000000b6f00000, 0x00000000c0000000)
  object space 21504K, 28% used [0x00000000b5a00000,0x00000000b60069d8,0x00000000b6f00000)
}
Event: 65.973 GC heap before
{Heap before GC invocations=9 (full 0):
 PSYoungGen      total 136192K, used 136185K [0x00000000eaa80000, 0x00000000f4a80000, 0x0000000100000000)
  eden space 120832K, 100% used [0x00000000eaa80000,0x00000000f2080000,0x00000000f2080000)
  from space 15360K, 99% used [0x00000000f3380000,0x00000000f427e7f8,0x00000000f4280000)
  to   space 19456K, 0% used [0x00000000f2080000,0x00000000f2080000,0x00000000f3380000)
 ParOldGen       total 41984K, used 28420K [0x00000000c0000000, 0x00000000c2900000, 0x00000000eaa80000)
  object space 41984K, 67% used [0x00000000c0000000,0x00000000c1bc1318,0x00000000c2900000)
 PSPermGen       total 21504K, used 6245K [0x00000000b5a00000, 0x00000000b6f00000, 0x00000000c0000000)
  object space 21504K, 29% used [0x00000000b5a00000,0x00000000b60194b8,0x00000000b6f00000)

Deoptimization events (10 events):
Event: 20.677 Thread 0x00007f7dc41b9000 Uncommon trap: reason=null_check action=make_not_entrant pc=0x00007f7dc0e8722c method=com.android.dx.ssa.SsaRenamer.getLocalForNewReg(I)Lcom/android/dx/rop/code/LocalItem; @ 19
Event: 26.017 Thread 0x00007f7dc41bc000 Uncommon trap: reason=unreached action=reinterpret pc=0x00007f7dc0ec8a1c method=com.android.dx.ssa.LocalVariableExtractor.processBlock(I)V @ 251
Event: 40.933 Thread 0x00007f7dc41be000 Uncommon trap: reason=null_check action=make_not_entrant pc=0x00007f7dc0e6cf50 method=com.android.dx.rop.type.Type.equals(Ljava/lang/Object;)Z @ 8
Event: 48.526 Thread 0x00007f7dc400a800 Uncommon trap: reason=null_check action=make_not_entrant pc=0x00007f7dc0f257bc method=com.android.dx.cf.code.Ropper$CatchInfo.getSetup(Lcom/android/dx/rop/type/Type;)Lcom/android/dx/cf/code/Ropper$ExceptionHandlerSetup; @ 10
Event: 56.672 Thread 0x00007f7dc400a800 Uncommon trap: reason=null_check action=make_not_entrant pc=0x00007f7dc0f8108c method=com.android.dx.rop.type.Type.putIntern(Lcom/android/dx/rop/type/Type;)Lcom/android/dx/rop/type/Type; @ 18
Event: 60.906 Thread 0x00007f7dc41bc000 Uncommon trap: reason=unreached action=reinterpret pc=0x00007f7dc0e79518 method=java.util.HashMap.getEntry(Ljava/lang/Object;)Ljava/util/HashMap$Entry; @ 71
Event: 62.582 Thread 0x00007f7dc41be000 Uncommon trap: reason=bimorphic action=maybe_recompile pc=0x00007f7dc0f60c38 method=com.android.dx.cf.code.BytecodeArray.parseInstruction(ILcom/android/dx/cf/code/BytecodeArray$Visitor;)I @ 971
Event: 62.583 Thread 0x00007f7dc41be000 Uncommon trap: reason=bimorphic action=maybe_recompile pc=0x00007f7dc0f60c38 method=com.android.dx.cf.code.BytecodeArray.parseInstruction(ILcom/android/dx/cf/code/BytecodeArray$Visitor;)I @ 971
Event: 64.908 Thread 0x00007f7dc41b9000 Uncommon trap: reason=bimorphic action=maybe_recompile pc=0x00007f7dc0f611b0 method=com.android.dx.cf.code.BytecodeArray.parseInstruction(ILcom/android/dx/cf/code/BytecodeArray$Visitor;)I @ 1287
Event: 65.065 Thread 0x00007f7dc41b9000 Uncommon trap: reason=bimorphic action=maybe_recompile pc=0x00007f7dc0f611b0 method=com.android.dx.cf.code.BytecodeArray.parseInstruction(ILcom/android/dx/cf/code/BytecodeArray$Visitor;)I @ 1287

Internal exceptions (10 events):
Event: 23.741 Thread 0x00007f7dc41b9000 Threw 0x00000000eb0b3c70 at /build/buildd/openjdk-7-7u79-2.5.5/build/openjdk/hotspot/src/share/vm/prims/jvm.cpp:1284
Event: 23.766 Thread 0x00007f7dc41b9000 Threw 0x00000000eb0b9c28 at /build/buildd/openjdk-7-7u79-2.5.5/build/openjdk/hotspot/src/share/vm/prims/jvm.cpp:1284
Event: 24.658 Thread 0x00007f7dc41be000 Threw 0x00000000eb5d2b90 at /build/buildd/openjdk-7-7u79-2.5.5/build/openjdk/hotspot/src/share/vm/prims/jvm.cpp:1284
Event: 25.130 Thread 0x00007f7dc400a800 Threw 0x00000000eb967ee0 at /build/buildd/openjdk-7-7u79-2.5.5/build/openjdk/hotspot/src/share/vm/prims/jvm.cpp:1284
Event: 30.657 Thread 0x00007f7dc400a800 Threw 0x00000000eba84c10 at /build/buildd/openjdk-7-7u79-2.5.5/build/openjdk/hotspot/src/share/vm/prims/jvm.cpp:1284
Event: 40.933 Thread 0x00007f7dc41be000 Implicit null exception at 0x00007f7dc0e6ce52 to 0x00007f7dc0e6cf43
Event: 41.499 Thread 0x00007f7dc400a800 Threw 0x00000000ec2a1b58 at /build/buildd/openjdk-7-7u79-2.5.5/build/openjdk/hotspot/src/share/vm/prims/jvm.cpp:1284
Event: 41.521 Thread 0x00007f7dc400a800 Threw 0x00000000ec2ad878 at /build/buildd/openjdk-7-7u79-2.5.5/build/openjdk/hotspot/src/share/vm/prims/jvm.cpp:1284
Event: 48.526 Thread 0x00007f7dc400a800 Implicit null exception at 0x00007f7dc0f219a9 to 0x00007f7dc0f25775
Event: 56.509 Thread 0x00007f7dc400a800 Implicit null exception at 0x00007f7dc0f80953 to 0x00007f7dc0f8107d

Events (10 events):
Event: 62.583 Thread 0x00007f7dc41be000 Uncommon trap: trap_request=0xffffffc6 fr.pc=0x00007f7dc0f60c38
Event: 62.583 Thread 0x00007f7dc41be000 DEOPT PACKING pc=0x00007f7dc0f60c38 sp=0x00007f7d99452030
Event: 62.583 Thread 0x00007f7dc41be000 DEOPT UNPACKING pc=0x00007f7dc0e30045 sp=0x00007f7d99451fe8 mode 2
Event: 64.908 Thread 0x00007f7dc41b9000 Uncommon trap: trap_request=0xffffffc6 fr.pc=0x00007f7dc0f611b0
Event: 64.908 Thread 0x00007f7dc41b9000 DEOPT PACKING pc=0x00007f7dc0f611b0 sp=0x00007f7d99654030
Event: 65.065 Thread 0x00007f7dc41b9000 DEOPT UNPACKING pc=0x00007f7dc0e30045 sp=0x00007f7d99653fe8 mode 2
Event: 65.065 Thread 0x00007f7dc41b9000 Uncommon trap: trap_request=0xffffffc6 fr.pc=0x00007f7dc0f611b0
Event: 65.065 Thread 0x00007f7dc41b9000 DEOPT PACKING pc=0x00007f7dc0f611b0 sp=0x00007f7d99654030
Event: 65.065 Thread 0x00007f7dc41b9000 DEOPT UNPACKING pc=0x00007f7dc0e30045 sp=0x00007f7d99653fe8 mode 2
Event: 65.965 Executing VM operation: ParallelGCFailedAllocation


Dynamic libraries:
00400000-00401000 r-xp 00000000 08:05 2888986                            /usr/lib/jvm/java-7-openjdk-amd64/jre/bin/java
00600000-00601000 r--p 00000000 08:05 2888986                            /usr/lib/jvm/java-7-openjdk-amd64/jre/bin/java
00601000-00602000 rw-p 00001000 08:05 2888986                            /usr/lib/jvm/java-7-openjdk-amd64/jre/bin/java
0189d000-018be000 rw-p 00000000 00:00 0                                  [heap]
b5a00000-b6f00000 rw-p 00000000 00:00 0 
b6f00000-c0000000 rw-p 00000000 00:00 0 
c0000000-c2980000 rw-p 00000000 00:00 0 
c2980000-eaa80000 rw-p 00000000 00:00 0 
eaa80000-f4a80000 rw-p 00000000 00:00 0 
f9d80000-100000000 rw-p 00000000 00:00 0 
7f7d64000000-7f7d64022000 rw-p 00000000 00:00 0 
7f7d64022000-7f7d68000000 ---p 00000000 00:00 0 
7f7d68000000-7f7d6802c000 rw-p 00000000 00:00 0 
7f7d6802c000-7f7d6c000000 ---p 00000000 00:00 0 
7f7d6c000000-7f7d6c021000 rw-p 00000000 00:00 0 
7f7d6c021000-7f7d70000000 ---p 00000000 00:00 0 
7f7d70000000-7f7d70060000 rw-p 00000000 00:00 0 
7f7d70060000-7f7d74000000 ---p 00000000 00:00 0 
7f7d74000000-7f7d74021000 rw-p 00000000 00:00 0 
7f7d74021000-7f7d78000000 ---p 00000000 00:00 0 
7f7d78000000-7f7d78046000 rw-p 00000000 00:00 0 
7f7d78046000-7f7d7c000000 ---p 00000000 00:00 0 
7f7d7c000000-7f7d7d810000 rw-p 00000000 00:00 0 
7f7d7d810000-7f7d80000000 ---p 00000000 00:00 0 
7f7d80000000-7f7d80021000 rw-p 00000000 00:00 0 
7f7d80021000-7f7d84000000 ---p 00000000 00:00 0 
7f7d84000000-7f7d84021000 rw-p 00000000 00:00 0 
7f7d84021000-7f7d88000000 ---p 00000000 00:00 0 
7f7d88000000-7f7d89539000 rw-p 00000000 00:00 0 
7f7d89539000-7f7d8c000000 ---p 00000000 00:00 0 
7f7d8c000000-7f7d8c021000 rw-p 00000000 00:00 0 
7f7d8c021000-7f7d90000000 ---p 00000000 00:00 0 
7f7d90000000-7f7d90021000 rw-p 00000000 00:00 0 
7f7d90021000-7f7d94000000 ---p 00000000 00:00 0 
7f7d94000000-7f7d94242000 rw-p 00000000 00:00 0 
7f7d94242000-7f7d98000000 ---p 00000000 00:00 0 
7f7d99353000-7f7d99356000 ---p 00000000 00:00 0 
7f7d99356000-7f7d99454000 rw-p 00000000 00:00 0                          [stack:18174]
7f7d99454000-7f7d99457000 ---p 00000000 00:00 0 
7f7d99457000-7f7d99555000 rw-p 00000000 00:00 0                          [stack:18163]
7f7d99555000-7f7d99558000 ---p 00000000 00:00 0 
7f7d99558000-7f7d99656000 rw-p 00000000 00:00 0                          [stack:18161]
7f7d99656000-7f7d99659000 ---p 00000000 00:00 0 
7f7d99659000-7f7d99757000 rw-p 00000000 00:00 0                          [stack:18158]
7f7d99757000-7f7d9975a000 ---p 00000000 00:00 0 
7f7d9975a000-7f7d99889000 rw-p 00000000 00:00 0                          [stack:18157]
7f7d99889000-7f7d998c6000 r-xp 00000000 08:05 7209224                    /lib/x86_64-linux-gnu/libpcre.so.3.13.1
7f7d998c6000-7f7d99ac5000 ---p 0003d000 08:05 7209224                    /lib/x86_64-linux-gnu/libpcre.so.3.13.1
7f7d99ac5000-7f7d99ac6000 r--p 0003c000 08:05 7209224                    /lib/x86_64-linux-gnu/libpcre.so.3.13.1
7f7d99ac6000-7f7d99ac7000 rw-p 0003d000 08:05 7209224                    /lib/x86_64-linux-gnu/libpcre.so.3.13.1
7f7d99ac7000-7f7d99ace000 r-xp 00000000 08:05 2752657                    /usr/lib/x86_64-linux-gnu/libffi.so.6.0.1
7f7d99ace000-7f7d99ccd000 ---p 00007000 08:05 2752657                    /usr/lib/x86_64-linux-gnu/libffi.so.6.0.1
7f7d99ccd000-7f7d99cce000 r--p 00006000 08:05 2752657                    /usr/lib/x86_64-linux-gnu/libffi.so.6.0.1
7f7d99cce000-7f7d99ccf000 rw-p 00007000 08:05 2752657                    /usr/lib/x86_64-linux-gnu/libffi.so.6.0.1
7f7d99ccf000-7f7d99ce6000 r-xp 00000000 08:05 7209933                    /lib/x86_64-linux-gnu/libresolv-2.19.so
7f7d99ce6000-7f7d99ee6000 ---p 00017000 08:05 7209933                    /lib/x86_64-linux-gnu/libresolv-2.19.so
7f7d99ee6000-7f7d99ee7000 r--p 00017000 08:05 7209933                    /lib/x86_64-linux-gnu/libresolv-2.19.so
7f7d99ee7000-7f7d99ee8000 rw-p 00018000 08:05 7209933                    /lib/x86_64-linux-gnu/libresolv-2.19.so
7f7d99ee8000-7f7d99eea000 rw-p 00000000 00:00 0 
7f7d99eea000-7f7d99f0a000 r-xp 00000000 08:05 7214671                    /lib/x86_64-linux-gnu/libselinux.so.1
7f7d99f0a000-7f7d9a109000 ---p 00020000 08:05 7214671                    /lib/x86_64-linux-gnu/libselinux.so.1
7f7d9a109000-7f7d9a10a000 r--p 0001f000 08:05 7214671                    /lib/x86_64-linux-gnu/libselinux.so.1
7f7d9a10a000-7f7d9a10b000 rw-p 00020000 08:05 7214671                    /lib/x86_64-linux-gnu/libselinux.so.1
7f7d9a10b000-7f7d9a10d000 rw-p 00000000 00:00 0 
7f7d9a10d000-7f7d9a110000 r-xp 00000000 08:05 2760223                    /usr/lib/x86_64-linux-gnu/libgmodule-2.0.so.0.4002.0
7f7d9a110000-7f7d9a30f000 ---p 00003000 08:05 2760223                    /usr/lib/x86_64-linux-gnu/libgmodule-2.0.so.0.4002.0
7f7d9a30f000-7f7d9a310000 r--p 00002000 08:05 2760223                    /usr/lib/x86_64-linux-gnu/libgmodule-2.0.so.0.4002.0
7f7d9a310000-7f7d9a311000 rw-p 00003000 08:05 2760223                    /usr/lib/x86_64-linux-gnu/libgmodule-2.0.so.0.4002.0
7f7d9a311000-7f7d9a417000 r-xp 00000000 08:05 7214571                    /lib/x86_64-linux-gnu/libglib-2.0.so.0.4002.0
7f7d9a417000-7f7d9a616000 ---p 00106000 08:05 7214571                    /lib/x86_64-linux-gnu/libglib-2.0.so.0.4002.0
7f7d9a616000-7f7d9a617000 r--p 00105000 08:05 7214571                    /lib/x86_64-linux-gnu/libglib-2.0.so.0.4002.0
7f7d9a617000-7f7d9a618000 rw-p 00106000 08:05 7214571                    /lib/x86_64-linux-gnu/libglib-2.0.so.0.4002.0
7f7d9a618000-7f7d9a619000 rw-p 00000000 00:00 0 
7f7d9a619000-7f7d9a668000 r-xp 00000000 08:05 2760247                    /usr/lib/x86_64-linux-gnu/libgobject-2.0.so.0.4002.0
7f7d9a668000-7f7d9a868000 ---p 0004f000 08:05 2760247                    /usr/lib/x86_64-linux-gnu/libgobject-2.0.so.0.4002.0
7f7d9a868000-7f7d9a869000 r--p 0004f000 08:05 2760247                    /usr/lib/x86_64-linux-gnu/libgobject-2.0.so.0.4002.0
7f7d9a869000-7f7d9a86a000 rw-p 00050000 08:05 2760247                    /usr/lib/x86_64-linux-gnu/libgobject-2.0.so.0.4002.0
7f7d9a86a000-7f7d9a9d6000 r-xp 00000000 08:05 2760207                    /usr/lib/x86_64-linux-gnu/libgio-2.0.so.0.4002.0
7f7d9a9d6000-7f7d9abd5000 ---p 0016c000 08:05 2760207                    /usr/lib/x86_64-linux-gnu/libgio-2.0.so.0.4002.0
7f7d9abd5000-7f7d9abd9000 r--p 0016b000 08:05 2760207                    /usr/lib/x86_64-linux-gnu/libgio-2.0.so.0.4002.0
7f7d9abd9000-7f7d9abdb000 rw-p 0016f000 08:05 2760207                    /usr/lib/x86_64-linux-gnu/libgio-2.0.so.0.4002.0
7f7d9abdb000-7f7d9abdd000 rw-p 00000000 00:00 0 
7f7d9ac00000-7f7d9ac17000 r-xp 00000000 08:05 2889051                    /usr/lib/jvm/java-7-openjdk-amd64/jre/lib/amd64/libnet.so
7f7d9ac17000-7f7d9ae16000 ---p 00017000 08:05 2889051                    /usr/lib/jvm/java-7-openjdk-amd64/jre/lib/amd64/libnet.so
7f7d9ae16000-7f7d9ae17000 r--p 00016000 08:05 2889051                    /usr/lib/jvm/java-7-openjdk-amd64/jre/lib/amd64/libnet.so
7f7d9ae17000-7f7d9ae18000 rw-p 00017000 08:05 2889051                    /usr/lib/jvm/java-7-openjdk-amd64/jre/lib/amd64/libnet.so
7f7d9ae18000-7f7d9ae28000 r-xp 00000000 08:05 2889038                    /usr/lib/jvm/java-7-openjdk-amd64/jre/lib/amd64/libnio.so
7f7d9ae28000-7f7d9b028000 ---p 00010000 08:05 2889038                    /usr/lib/jvm/java-7-openjdk-amd64/jre/lib/amd64/libnio.so
7f7d9b028000-7f7d9b029000 r--p 00010000 08:05 2889038                    /usr/lib/jvm/java-7-openjdk-amd64/jre/lib/amd64/libnio.so
7f7d9b029000-7f7d9b02a000 rw-p 00011000 08:05 2889038                    /usr/lib/jvm/java-7-openjdk-amd64/jre/lib/amd64/libnio.so
7f7d9b02a000-7f7d9b02b000 ---p 00000000 00:00 0 
7f7d9b02b000-7f7d9b12b000 rw-p 00000000 00:00 0                          [stack:18141]
7f7d9b12b000-7f7d9b12e000 ---p 00000000 00:00 0 
7f7d9b12e000-7f7d9b22c000 rw-p 00000000 00:00 0                          [stack:18140]
7f7d9b22c000-7f7d9b22f000 ---p 00000000 00:00 0 
7f7d9b22f000-7f7d9b32d000 rw-p 00000000 00:00 0                          [stack:18139]
7f7d9b32d000-7f7d9b330000 ---p 00000000 00:00 0 
7f7d9b330000-7f7d9b42e000 rw-p 00000000 00:00 0                          [stack:18138]
7f7d9b42e000-7f7d9b431000 ---p 00000000 00:00 0 
7f7d9b431000-7f7d9b52f000 rw-p 00000000 00:00 0                          [stack:18112]
7f7d9b52f000-7f7d9b7f8000 r--p 00000000 08:05 2758252                    /usr/lib/locale/locale-archive
7f7d9b7f8000-7f7d9b7fb000 ---p 00000000 00:00 0 
7f7d9b7fb000-7f7d9b8f9000 rw-p 00000000 00:00 0                          [stack:18101]
7f7d9b8f9000-7f7d9b8fc000 ---p 00000000 00:00 0 
7f7d9b8fc000-7f7d9b9fa000 rw-p 00000000 00:00 0                          [stack:18091]
7f7d9b9fa000-7f7d9b9fb000 ---p 00000000 00:00 0 
7f7d9b9fb000-7f7d9c000000 rw-p 00000000 00:00 0                          [stack:18078]
7f7d9c000000-7f7d9c021000 rw-p 00000000 00:00 0 
7f7d9c021000-7f7da0000000 ---p 00000000 00:00 0 
7f7da001d000-7f7da0032000 r--s 000e5000 08:05 3994193                    /home/barnes/UmmoQMasterDashboard/app/build/intermediates/exploded-aar/com.android.support/support-v4/23.1.1/jars/classes.jar
7f7da0032000-7f7da16cc000 rw-p 00000000 00:00 0 
7f7da16cc000-7f7da187d000 r--s 01d27000 08:05 2889057                    /usr/lib/jvm/java-7-openjdk-amd64/jre/lib/rt.jar
7f7da187d000-7f7da4000000 rw-p 00000000 00:00 0 
7f7da4000000-7f7da4021000 rw-p 00000000 00:00 0 
7f7da4021000-7f7da8000000 ---p 00000000 00:00 0 
7f7da8000000-7f7da8021000 rw-p 00000000 00:00 0 
7f7da8021000-7f7dac000000 ---p 00000000 00:00 0 
7f7dac000000-7f7dac021000 rw-p 00000000 00:00 0 
7f7dac021000-7f7db0000000 ---p 00000000 00:00 0 
7f7db0000000-7f7db0021000 rw-p 00000000 00:00 0 
7f7db0021000-7f7db4000000 ---p 00000000 00:00 0 
7f7db4000000-7f7db4021000 rw-p 00000000 00:00 0 
7f7db4021000-7f7db8000000 ---p 00000000 00:00 0 
7f7db8000000-7f7db8021000 rw-p 00000000 00:00 0 
7f7db8021000-7f7dbc000000 ---p 00000000 00:00 0 
7f7dbc000000-7f7dbc021000 rw-p 00000000 00:00 0 
7f7dbc021000-7f7dc0000000 ---p 00000000 00:00 0 
7f7dc000b000-7f7dc01f2000 rw-p 00000000 00:00 0 
7f7dc01f2000-7f7dc01f3000 ---p 00000000 00:00 0 
7f7dc01f3000-7f7dc02f3000 rw-p 00000000 00:00 0                          [stack:18060]
7f7dc02f3000-7f7dc02f4000 ---p 00000000 00:00 0 
7f7dc02f4000-7f7dc03f4000 rw-p 00000000 00:00 0                          [stack:18046]
7f7dc03f4000-7f7dc03f5000 ---p 00000000 00:00 0 
7f7dc03f5000-7f7dc04f5000 rw-p 00000000 00:00 0                          [stack:18040]
7f7dc04f5000-7f7dc04f6000 ---p 00000000 00:00 0 
7f7dc04f6000-7f7dc05f6000 rw-p 00000000 00:00 0                          [stack:18035]
7f7dc05f6000-7f7dc05f7000 ---p 00000000 00:00 0 
7f7dc05f7000-7f7dc06f7000 rw-p 00000000 00:00 0                          [stack:18029]
7f7dc06f7000-7f7dc06f8000 ---p 00000000 00:00 0 
7f7dc06f8000-7f7dc07f8000 rw-p 00000000 00:00 0                          [stack:18025]
7f7dc07f8000-7f7dc07f9000 ---p 00000000 00:00 0 
7f7dc07f9000-7f7dc08f9000 rw-p 00000000 00:00 0                          [stack:18019]
7f7dc08f9000-7f7dc08fa000 ---p 00000000 00:00 0 
7f7dc08fa000-7f7dc0a05000 rw-p 00000000 00:00 0                          [stack:18011]
7f7dc0a05000-7f7dc0a4d000 rw-p 00000000 00:00 0 
7f7dc0a4d000-7f7dc0a62000 rw-p 00000000 00:00 0 
7f7dc0a62000-7f7dc0ba3000 rw-p 00000000 00:00 0 
7f7dc0ba3000-7f7dc0bae000 rw-p 00000000 00:00 0 
7f7dc0bae000-7f7dc0bf6000 rw-p 00000000 00:00 0 
7f7dc0bf6000-7f7dc0c0b000 rw-p 00000000 00:00 0 
7f7dc0c0b000-7f7dc0d4b000 rw-p 00000000 00:00 0 
7f7dc0d4b000-7f7dc0d9c000 rw-p 00000000 00:00 0 
7f7dc0d9c000-7f7dc0df6000 rw-p 00000000 00:00 0 
7f7dc0df6000-7f7dc0df7000 rw-p 00000000 00:00 0 
7f7dc0df7000-7f7dc1067000 rwxp 00000000 00:00 0 
7f7dc1067000-7f7dc3df7000 rw-p 00000000 00:00 0 
7f7dc3df7000-7f7dc3dff000 r-xp 00000000 08:05 2889034                    /usr/lib/jvm/java-7-openjdk-amd64/jre/lib/amd64/libzip.so
7f7dc3dff000-7f7dc3ffe000 ---p 00008000 08:05 2889034                    /usr/lib/jvm/java-7-openjdk-amd64/jre/lib/amd64/libzip.so
7f7dc3ffe000-7f7dc3fff000 r--p 00007000 08:05 2889034                    /usr/lib/jvm/java-7-openjdk-amd64/jre/lib/amd64/libzip.so
7f7dc3fff000-7f7dc4000000 rw-p 00008000 08:05 2889034                    /usr/lib/jvm/java-7-openjdk-amd64/jre/lib/amd64/libzip.so
7f7dc4000000-7f7dc41d0000 rw-p 00000000 00:00 0 
7f7dc41d0000-7f7dc8000000 ---p 00000000 00:00 0 
7f7dc8000000-7f7dc800f000 r--s 000df000 08:05 2972108                    /home/barnes/android-sdk/android-sdk-linux/build-tools/23.0.1/lib/dx.jar
7f7dc800f000-7f7dc801a000 r-xp 00000000 08:05 7209939                    /lib/x86_64-linux-gnu/libnss_files-2.19.so
7f7dc801a000-7f7dc8219000 ---p 0000b000 08:05 7209939                    /lib/x86_64-linux-gnu/libnss_files-2.19.so
7f7dc8219000-7f7dc821a000 r--p 0000a000 08:05 7209939                    /lib/x86_64-linux-gnu/libnss_files-2.19.so
7f7dc821a000-7f7dc821b000 rw-p 0000b000 08:05 7209939                    /lib/x86_64-linux-gnu/libnss_files-2.19.so
7f7dc821b000-7f7dc8226000 r-xp 00000000 08:05 7213981                    /lib/x86_64-linux-gnu/libnss_nis-2.19.so
7f7dc8226000-7f7dc8425000 ---p 0000b000 08:05 7213981                    /lib/x86_64-linux-gnu/libnss_nis-2.19.so
7f7dc8425000-7f7dc8426000 r--p 0000a000 08:05 7213981                    /lib/x86_64-linux-gnu/libnss_nis-2.19.so
7f7dc8426000-7f7dc8427000 rw-p 0000b000 08:05 7213981                    /lib/x86_64-linux-gnu/libnss_nis-2.19.so
7f7dc8427000-7f7dc843e000 r-xp 00000000 08:05 7213959                    /lib/x86_64-linux-gnu/libnsl-2.19.so
7f7dc843e000-7f7dc863d000 ---p 00017000 08:05 7213959                    /lib/x86_64-linux-gnu/libnsl-2.19.so
7f7dc863d000-7f7dc863e000 r--p 00016000 08:05 7213959                    /lib/x86_64-linux-gnu/libnsl-2.19.so
7f7dc863e000-7f7dc863f000 rw-p 00017000 08:05 7213959                    /lib/x86_64-linux-gnu/libnsl-2.19.so
7f7dc863f000-7f7dc8641000 rw-p 00000000 00:00 0 
7f7dc8641000-7f7dc864a000 r-xp 00000000 08:05 7213957                    /lib/x86_64-linux-gnu/libnss_compat-2.19.so
7f7dc864a000-7f7dc8849000 ---p 00009000 08:05 7213957                    /lib/x86_64-linux-gnu/libnss_compat-2.19.so
7f7dc8849000-7f7dc884a000 r--p 00008000 08:05 7213957                    /lib/x86_64-linux-gnu/libnss_compat-2.19.so
7f7dc884a000-7f7dc884b000 rw-p 00009000 08:05 7213957                    /lib/x86_64-linux-gnu/libnss_compat-2.19.so
7f7dc884b000-7f7dc8876000 r-xp 00000000 08:05 2889050                    /usr/lib/jvm/java-7-openjdk-amd64/jre/lib/amd64/libjava.so
7f7dc8876000-7f7dc8a76000 ---p 0002b000 08:05 2889050                    /usr/lib/jvm/java-7-openjdk-amd64/jre/lib/amd64/libjava.so
7f7dc8a76000-7f7dc8a77000 r--p 0002b000 08:05 2889050                    /usr/lib/jvm/java-7-openjdk-amd64/jre/lib/amd64/libjava.so
7f7dc8a77000-7f7dc8a79000 rw-p 0002c000 08:05 2889050                    /usr/lib/jvm/java-7-openjdk-amd64/jre/lib/amd64/libjava.so
7f7dc8a79000-7f7dc8a89000 r-xp 00000000 08:05 2889047                    /usr/lib/jvm/java-7-openjdk-amd64/jre/lib/amd64/libverify.so
7f7dc8a89000-7f7dc8c88000 ---p 00010000 08:05 2889047                    /usr/lib/jvm/java-7-openjdk-amd64/jre/lib/amd64/libverify.so
7f7dc8c88000-7f7dc8c8a000 r--p 0000f000 08:05 2889047                    /usr/lib/jvm/java-7-openjdk-amd64/jre/lib/amd64/libverify.so
7f7dc8c8a000-7f7dc8c8b000 rw-p 00011000 08:05 2889047                    /usr/lib/jvm/java-7-openjdk-amd64/jre/lib/amd64/libverify.so
7f7dc8c8b000-7f7dc8c92000 r-xp 00000000 08:05 7213975                    /lib/x86_64-linux-gnu/librt-2.19.so
7f7dc8c92000-7f7dc8e91000 ---p 00007000 08:05 7213975                    /lib/x86_64-linux-gnu/librt-2.19.so
7f7dc8e91000-7f7dc8e92000 r--p 00006000 08:05 7213975                    /lib/x86_64-linux-gnu/librt-2.19.so
7f7dc8e92000-7f7dc8e93000 rw-p 00007000 08:05 7213975                    /lib/x86_64-linux-gnu/librt-2.19.so
7f7dc8e93000-7f7dc8ea9000 r-xp 00000000 08:05 7214567                    /lib/x86_64-linux-gnu/libgcc_s.so.1
7f7dc8ea9000-7f7dc90a8000 ---p 00016000 08:05 7214567                    /lib/x86_64-linux-gnu/libgcc_s.so.1
7f7dc90a8000-7f7dc90a9000 rw-p 00015000 08:05 7214567                    /lib/x86_64-linux-gnu/libgcc_s.so.1
7f7dc90a9000-7f7dc91ae000 r-xp 00000000 08:05 7209937                    /lib/x86_64-linux-gnu/libm-2.19.so
7f7dc91ae000-7f7dc93ad000 ---p 00105000 08:05 7209937                    /lib/x86_64-linux-gnu/libm-2.19.so
7f7dc93ad000-7f7dc93ae000 r--p 00104000 08:05 7209937                    /lib/x86_64-linux-gnu/libm-2.19.so
7f7dc93ae000-7f7dc93af000 rw-p 00105000 08:05 7209937                    /lib/x86_64-linux-gnu/libm-2.19.so
7f7dc93af000-7f7dc9495000 r-xp 00000000 08:05 2795214                    /usr/lib/x86_64-linux-gnu/libstdc++.so.6.0.19
7f7dc9495000-7f7dc9694000 ---p 000e6000 08:05 2795214                    /usr/lib/x86_64-linux-gnu/libstdc++.so.6.0.19
7f7dc9694000-7f7dc969c000 r--p 000e5000 08:05 2795214                    /usr/lib/x86_64-linux-gnu/libstdc++.so.6.0.19
7f7dc969c000-7f7dc969e000 rw-p 000ed000 08:05 2795214                    /usr/lib/x86_64-linux-gnu/libstdc++.so.6.0.19
7f7dc969e000-7f7dc96b3000 rw-p 00000000 00:00 0 
7f7dc96b3000-7f7dca1cb000 r-xp 00000000 08:05 2889055                    /usr/lib/jvm/java-7-openjdk-amd64/jre/lib/amd64/server/libjvm.so
7f7dca1cb000-7f7dca3cb000 ---p 00b18000 08:05 2889055                    /usr/lib/jvm/java-7-openjdk-amd64/jre/lib/amd64/server/libjvm.so
7f7dca3cb000-7f7dca465000 r--p 00b18000 08:05 2889055                    /usr/lib/jvm/java-7-openjdk-amd64/jre/lib/amd64/server/libjvm.so
7f7dca465000-7f7dca488000 rw-p 00bb2000 08:05 2889055                    /usr/lib/jvm/java-7-openjdk-amd64/jre/lib/amd64/server/libjvm.so
7f7dca488000-7f7dca4b6000 rw-p 00000000 00:00 0 
7f7dca4b6000-7f7dca4ce000 r-xp 00000000 08:05 7214704                    /lib/x86_64-linux-gnu/libz.so.1.2.8
7f7dca4ce000-7f7dca6cd000 ---p 00018000 08:05 7214704                    /lib/x86_64-linux-gnu/libz.so.1.2.8
7f7dca6cd000-7f7dca6ce000 r--p 00017000 08:05 7214704                    /lib/x86_64-linux-gnu/libz.so.1.2.8
7f7dca6ce000-7f7dca6cf000 rw-p 00018000 08:05 7214704                    /lib/x86_64-linux-gnu/libz.so.1.2.8
7f7dca6cf000-7f7dca6e8000 r-xp 00000000 08:05 7213971                    /lib/x86_64-linux-gnu/libpthread-2.19.so
7f7dca6e8000-7f7dca8e7000 ---p 00019000 08:05 7213971                    /lib/x86_64-linux-gnu/libpthread-2.19.so
7f7dca8e7000-7f7dca8e8000 r--p 00018000 08:05 7213971                    /lib/x86_64-linux-gnu/libpthread-2.19.so
7f7dca8e8000-7f7dca8e9000 rw-p 00019000 08:05 7213971                    /lib/x86_64-linux-gnu/libpthread-2.19.so
7f7dca8e9000-7f7dca8ed000 rw-p 00000000 00:00 0 
7f7dca8ed000-7f7dca8f0000 r-xp 00000000 08:05 7209973                    /lib/x86_64-linux-gnu/libdl-2.19.so
7f7dca8f0000-7f7dcaaef000 ---p 00003000 08:05 7209973                    /lib/x86_64-linux-gnu/libdl-2.19.so
7f7dcaaef000-7f7dcaaf0000 r--p 00002000 08:05 7209973                    /lib/x86_64-linux-gnu/libdl-2.19.so
7f7dcaaf0000-7f7dcaaf1000 rw-p 00003000 08:05 7209973                    /lib/x86_64-linux-gnu/libdl-2.19.so
7f7dcaaf1000-7f7dcacac000 r-xp 00000000 08:05 7213969                    /lib/x86_64-linux-gnu/libc-2.19.so
7f7dcacac000-7f7dcaeab000 ---p 001bb000 08:05 7213969                    /lib/x86_64-linux-gnu/libc-2.19.so
7f7dcaeab000-7f7dcaeaf000 r--p 001ba000 08:05 7213969                    /lib/x86_64-linux-gnu/libc-2.19.so
7f7dcaeaf000-7f7dcaeb1000 rw-p 001be000 08:05 7213969                    /lib/x86_64-linux-gnu/libc-2.19.so
7f7dcaeb1000-7f7dcaeb6000 rw-p 00000000 00:00 0 
7f7dcaeb6000-7f7dcaec3000 r-xp 00000000 08:05 2889026                    /usr/lib/jvm/java-7-openjdk-amd64/jre/lib/amd64/jli/libjli.so
7f7dcaec3000-7f7dcb0c2000 ---p 0000d000 08:05 2889026                    /usr/lib/jvm/java-7-openjdk-amd64/jre/lib/amd64/jli/libjli.so
7f7dcb0c2000-7f7dcb0c3000 r--p 0000c000 08:05 2889026                    /usr/lib/jvm/java-7-openjdk-amd64/jre/lib/amd64/jli/libjli.so
7f7dcb0c3000-7f7dcb0c4000 rw-p 0000d000 08:05 2889026                    /usr/lib/jvm/java-7-openjdk-amd64/jre/lib/amd64/jli/libjli.so
7f7dcb0c4000-7f7dcb0e7000 r-xp 00000000 08:05 7213963                    /lib/x86_64-linux-gnu/ld-2.19.so
7f7dcb0e8000-7f7dcb0e9000 rw-p 00000000 00:00 0 
7f7dcb0e9000-7f7dcb0eb000 r--s 00012000 08:05 2889066                    /usr/lib/jvm/java-7-openjdk-amd64/jre/lib/ext/zipfs.jar
7f7dcb0eb000-7f7dcb0ef000 r--s 0003c000 08:05 2889062                    /usr/lib/jvm/java-7-openjdk-amd64/jre/lib/ext/sunpkcs11.jar
7f7dcb0ef000-7f7dcb0f2000 r--s 00086000 08:05 2889063                    /usr/lib/jvm/java-7-openjdk-amd64/jre/lib/ext/localedata.jar
7f7dcb0f2000-7f7dcb0f5000 r--s 0000f000 08:05 2889060                    /usr/lib/jvm/java-7-openjdk-amd64/jre/lib/ext/icedtea-sound.jar
7f7dcb0f5000-7f7dcb0f7000 r--s 00006000 08:05 2773912                    /usr/share/java/java-atk-wrapper.jar
7f7dcb0f7000-7f7dcb0fb000 r--s 00034000 08:05 2889065                    /usr/lib/jvm/java-7-openjdk-amd64/jre/lib/ext/sunjce_provider.jar
7f7dcb0fb000-7f7dcb105000 rw-p 00000000 00:00 0 
7f7dcb105000-7f7dcb1bb000 rw-p 00000000 00:00 0 
7f7dcb1bb000-7f7dcb1be000 ---p 00000000 00:00 0 
7f7dcb1be000-7f7dcb2c1000 rw-p 00000000 00:00 0                          [stack:18008]
7f7dcb2c1000-7f7dcb2c2000 r--s 00002000 08:05 2889061                    /usr/lib/jvm/java-7-openjdk-amd64/jre/lib/ext/dnsns.jar
7f7dcb2c2000-7f7dcb2da000 rw-p 00000000 00:00 0 
7f7dcb2da000-7f7dcb2e2000 rw-s 00000000 08:05 940427                     /tmp/hsperfdata_barnes/17960
7f7dcb2e2000-7f7dcb2e3000 rw-p 00000000 00:00 0 
7f7dcb2e3000-7f7dcb2e4000 ---p 00000000 00:00 0 
7f7dcb2e4000-7f7dcb2e6000 rw-p 00000000 00:00 0 
7f7dcb2e6000-7f7dcb2e7000 r--p 00022000 08:05 7213963                    /lib/x86_64-linux-gnu/ld-2.19.so
7f7dcb2e7000-7f7dcb2e8000 rw-p 00023000 08:05 7213963                    /lib/x86_64-linux-gnu/ld-2.19.so
7f7dcb2e8000-7f7dcb2e9000 rw-p 00000000 00:00 0 
7fff85455000-7fff85476000 rw-p 00000000 00:00 0                          [stack]
7fff85511000-7fff85513000 r-xp 00000000 00:00 0                          [vdso]
ffffffffff600000-ffffffffff601000 r-xp 00000000 00:00 0                  [vsyscall]

VM Arguments:
jvm_args: -Djava.awt.headless=true -Xmx1024M -Dfile.encoding=UTF-8 -Duser.country=US -Duser.language=en -Duser.variant 
java_command: com.android.dx.command.Main --dex --num-threads=4 --output /home/barnes/UmmoQMasterDashboard/app/build/intermediates/pre-dexed/debug/com.android.support-support-v4-23.1.1_2c8a9a40ac0663116aa5dce57abc6af7e9d8fcf0.jar /home/barnes/UmmoQMasterDashboard/app/build/intermediates/exploded-aar/com.android.support/support-v4/23.1.1/jars/classes.jar
Launcher Type: SUN_STANDARD

Environment Variables:
PATH=/usr/local/sbin:/usr/local/bin:/usr/sbin:/usr/bin:/sbin:/bin:/usr/games:/usr/local/games:/home/barnes/.rvm/bin:/home/barnes/.rvm/bin
USERNAME=barnes
LD_LIBRARY_PATH=/home/barnes/android-studio-sdk/android-studio/bin:
SHELL=/bin/bash
DISPLAY=:0

Signal Handlers:
SIGSEGV: [libjvm.so+0x94b9a0], sa_mask[0]=0x7ffbfeff, sa_flags=0x10000004
SIGBUS: [libjvm.so+0x94b9a0], sa_mask[0]=0x7ffbfeff, sa_flags=0x10000004
SIGFPE: [libjvm.so+0x7c3880], sa_mask[0]=0x7ffbfeff, sa_flags=0x10000004
SIGPIPE: [libjvm.so+0x7c3880], sa_mask[0]=0x7ffbfeff, sa_flags=0x10000004
SIGXFSZ: [libjvm.so+0x7c3880], sa_mask[0]=0x7ffbfeff, sa_flags=0x10000004
SIGILL: [libjvm.so+0x7c3880], sa_mask[0]=0x7ffbfeff, sa_flags=0x10000004
SIGUSR1: SIG_DFL, sa_mask[0]=0x00000000, sa_flags=0x00000000
SIGUSR2: [libjvm.so+0x7c3720], sa_mask[0]=0x00000004, sa_flags=0x10000004
SIGHUP: [libjvm.so+0x7c3900], sa_mask[0]=0x7ffbfeff, sa_flags=0x10000004
SIGINT: [libjvm.so+0x7c3900], sa_mask[0]=0x7ffbfeff, sa_flags=0x10000004
SIGTERM: [libjvm.so+0x7c3900], sa_mask[0]=0x7ffbfeff, sa_flags=0x10000004
SIGQUIT: [libjvm.so+0x7c3900], sa_mask[0]=0x7ffbfeff, sa_flags=0x10000004
SIGTRAP: SIG_DFL, sa_mask[0]=0x00000000, sa_flags=0x00000000


---------------  S Y S T E M  ---------------

OS:LinuxMint 17.1 (rebecca)
uname:Linux 3.13.0-37-generic #64-Ubuntu SMP Mon Sep 22 21:28:38 UTC 2014 x86_64
libc:glibc 2.19 NPTL 2.19 
rlimit: STACK 8192k, CORE 0k, NPROC 31304, NOFILE 4096, AS infinity
load average:47.35 17.96 7.85

/proc/meminfo:
MemTotal:        4037728 kB
MemFree:          431108 kB
Buffers:            2824 kB
Cached:            53076 kB
SwapCached:        15060 kB
Active:          2500712 kB
Inactive:         878616 kB
Active(anon):    2497776 kB
Inactive(anon):   836420 kB
Active(file):       2936 kB
Inactive(file):    42196 kB
Unevictable:           0 kB
Mlocked:               0 kB
SwapTotal:       1953120 kB
SwapFree:         168768 kB
Dirty:               356 kB
Writeback:             4 kB
AnonPages:       3309064 kB
Mapped:            28296 kB
Shmem:             10612 kB
Slab:              89260 kB
SReclaimable:      50556 kB
SUnreclaim:        38704 kB
KernelStack:        6136 kB
PageTables:        37364 kB
NFS_Unstable:          0 kB
Bounce:                0 kB
WritebackTmp:          0 kB
CommitLimit:     3971984 kB
Committed_AS:    8723016 kB
VmallocTotal:   34359738367 kB
VmallocUsed:      116316 kB
VmallocChunk:   34359615484 kB
HardwareCorrupted:     0 kB
AnonHugePages:   1761280 kB
HugePages_Total:       0
HugePages_Free:        0
HugePages_Rsvd:        0
HugePages_Surp:        0
Hugepagesize:       2048 kB
DirectMap4k:      160124 kB
DirectMap2M:     4024320 kB


CPU:total 8 (4 cores per cpu, 2 threads per core) family 6 model 30 stepping 5, cmov, cx8, fxsr, mmx, sse, sse2, sse3, ssse3, sse4.1, sse4.2, popcnt, ht, tsc, tscinvbit

/proc/cpuinfo:
processor	: 0
vendor_id	: GenuineIntel
cpu family	: 6
model		: 30
model name	: Intel(R) Core(TM) i7 CPU       Q 840  @ 1.87GHz
stepping	: 5
microcode	: 0x3
cpu MHz		: 1199.000
cache size	: 8192 KB
physical id	: 0
siblings	: 8
core id		: 0
cpu cores	: 4
apicid		: 0
initial apicid	: 0
fpu		: yes
fpu_exception	: yes
cpuid level	: 11
wp		: yes
flags		: fpu vme de pse tsc msr pae mce cx8 apic sep mtrr pge mca cmov pat pse36 clflush dts acpi mmx fxsr sse sse2 ss ht tm pbe syscall nx rdtscp lm constant_tsc arch_perfmon pebs bts rep_good nopl xtopology nonstop_tsc aperfmperf pni dtes64 monitor ds_cpl vmx smx est tm2 ssse3 cx16 xtpr pdcm sse4_1 sse4_2 popcnt lahf_lm ida dtherm tpr_shadow vnmi flexpriority ept vpid
bogomips	: 3723.99
clflush size	: 64
cache_alignment	: 64
address sizes	: 36 bits physical, 48 bits virtual
power management:

processor	: 1
vendor_id	: GenuineIntel
cpu family	: 6
model		: 30
model name	: Intel(R) Core(TM) i7 CPU       Q 840  @ 1.87GHz
stepping	: 5
microcode	: 0x3
cpu MHz		: 1199.000
cache size	: 8192 KB
physical id	: 0
siblings	: 8
core id		: 1
cpu cores	: 4
apicid		: 2
initial apicid	: 2
fpu		: yes
fpu_exception	: yes
cpuid level	: 11
wp		: yes
flags		: fpu vme de pse tsc msr pae mce cx8 apic sep mtrr pge mca cmov pat pse36 clflush dts acpi mmx fxsr sse sse2 ss ht tm pbe syscall nx rdtscp lm constant_tsc arch_perfmon pebs bts rep_good nopl xtopology nonstop_tsc aperfmperf pni dtes64 monitor ds_cpl vmx smx est tm2 ssse3 cx16 xtpr pdcm sse4_1 sse4_2 popcnt lahf_lm ida dtherm tpr_shadow vnmi flexpriority ept vpid
bogomips	: 3723.99
clflush size	: 64
cache_alignment	: 64
address sizes	: 36 bits physical, 48 bits virtual
power management:

processor	: 2
vendor_id	: GenuineIntel
cpu family	: 6
model		: 30
model name	: Intel(R) Core(TM) i7 CPU       Q 840  @ 1.87GHz
stepping	: 5
microcode	: 0x3
cpu MHz		: 1199.000
cache size	: 8192 KB
physical id	: 0
siblings	: 8
core id		: 2
cpu cores	: 4
apicid		: 4
initial apicid	: 4
fpu		: yes
fpu_exception	: yes
cpuid level	: 11
wp		: yes
flags		: fpu vme de pse tsc msr pae mce cx8 apic sep mtrr pge mca cmov pat pse36 clflush dts acpi mmx fxsr sse sse2 ss ht tm pbe syscall nx rdtscp lm constant_tsc arch_perfmon pebs bts rep_good nopl xtopology nonstop_tsc aperfmperf pni dtes64 monitor ds_cpl vmx smx est tm2 ssse3 cx16 xtpr pdcm sse4_1 sse4_2 popcnt lahf_lm ida dtherm tpr_shadow vnmi flexpriority ept vpid
bogomips	: 3723.99
clflush size	: 64
cache_alignment	: 64
address sizes	: 36 bits physical, 48 bits virtual
power management:

processor	: 3
vendor_id	: GenuineIntel
cpu family	: 6
model		: 30
model name	: Intel(R) Core(TM) i7 CPU       Q 840  @ 1.87GHz
stepping	: 5
microcode	: 0x3
cpu MHz		: 1199.000
cache size	: 8192 KB
physical id	: 0
siblings	: 8
core id		: 3
cpu cores	: 4
apicid		: 6
initial apicid	: 6
fpu		: yes
fpu_exception	: yes
cpuid level	: 11
wp		: yes
flags		: fpu vme de pse tsc msr pae mce cx8 apic sep mtrr pge mca cmov pat pse36 clflush dts acpi mmx fxsr sse sse2 ss ht tm pbe syscall nx rdtscp lm constant_tsc arch_perfmon pebs bts rep_good nopl xtopology nonstop_tsc aperfmperf pni dtes64 monitor ds_cpl vmx smx est tm2 ssse3 cx16 xtpr pdcm sse4_1 sse4_2 popcnt lahf_lm ida dtherm tpr_shadow vnmi flexpriority ept vpid
bogomips	: 3723.99
clflush size	: 64
cache_alignment	: 64
address sizes	: 36 bits physical, 48 bits virtual
power management:

processor	: 4
vendor_id	: GenuineIntel
cpu family	: 6
model		: 30
model name	: Intel(R) Core(TM) i7 CPU       Q 840  @ 1.87GHz
stepping	: 5
microcode	: 0x3
cpu MHz		: 1199.000
cache size	: 8192 KB
physical id	: 0
siblings	: 8
core id		: 0
cpu cores	: 4
apicid		: 1
initial apicid	: 1
fpu		: yes
fpu_exception	: yes
cpuid level	: 11
wp		: yes
flags		: fpu vme de pse tsc msr pae mce cx8 apic sep mtrr pge mca cmov pat pse36 clflush dts acpi mmx fxsr sse sse2 ss ht tm pbe syscall nx rdtscp lm constant_tsc arch_perfmon pebs bts rep_good nopl xtopology nonstop_tsc aperfmperf pni dtes64 monitor ds_cpl vmx smx est tm2 ssse3 cx16 xtpr pdcm sse4_1 sse4_2 popcnt lahf_lm ida dtherm tpr_shadow vnmi flexpriority ept vpid
bogomips	: 3723.99
clflush size	: 64
cache_alignment	: 64
address sizes	: 36 bits physical, 48 bits virtual
power management:

processor	: 5
vendor_id	: GenuineIntel
cpu family	: 6
model		: 30
model name	: Intel(R) Core(TM) i7 CPU       Q 840  @ 1.87GHz
stepping	: 5
microcode	: 0x3
cpu MHz		: 1199.000
cache size	: 8192 KB
physical id	: 0
siblings	: 8
core id		: 1
cpu cores	: 4
apicid		: 3
initial apicid	: 3
fpu		: yes
fpu_exception	: yes
cpuid level	: 11
wp		: yes
flags		: fpu vme de pse tsc msr pae mce cx8 apic sep mtrr pge mca cmov pat pse36 clflush dts acpi mmx fxsr sse sse2 ss ht tm pbe syscall nx rdtscp lm constant_tsc arch_perfmon pebs bts rep_good nopl xtopology nonstop_tsc aperfmperf pni dtes64 monitor ds_cpl vmx smx est tm2 ssse3 cx16 xtpr pdcm sse4_1 sse4_2 popcnt lahf_lm ida dtherm tpr_shadow vnmi flexpriority ept vpid
bogomips	: 3723.99
clflush size	: 64
cache_alignment	: 64
address sizes	: 36 bits physical, 48 bits virtual
power management:

processor	: 6
vendor_id	: GenuineIntel
cpu family	: 6
model		: 30
model name	: Intel(R) Core(TM) i7 CPU       Q 840  @ 1.87GHz
stepping	: 5
microcode	: 0x3
cpu MHz		: 1199.000
cache size	: 8192 KB
physical id	: 0
siblings	: 8
core id		: 2
cpu cores	: 4
apicid		: 5
initial apicid	: 5
fpu		: yes
fpu_exception	: yes
cpuid level	: 11
wp		: yes
flags		: fpu vme de pse tsc msr pae mce cx8 apic sep mtrr pge mca cmov pat pse36 clflush dts acpi mmx fxsr sse sse2 ss ht tm pbe syscall nx rdtscp lm constant_tsc arch_perfmon pebs bts rep_good nopl xtopology nonstop_tsc aperfmperf pni dtes64 monitor ds_cpl vmx smx est tm2 ssse3 cx16 xtpr pdcm sse4_1 sse4_2 popcnt lahf_lm ida dtherm tpr_shadow vnmi flexpriority ept vpid
bogomips	: 3723.99
clflush size	: 64
cache_alignment	: 64
address sizes	: 36 bits physical, 48 bits virtual
power management:

processor	: 7
vendor_id	: GenuineIntel
cpu family	: 6
model		: 30
model name	: Intel(R) Core(TM) i7 CPU       Q 840  @ 1.87GHz
stepping	: 5
microcode	: 0x3
cpu MHz		: 1199.000
cache size	: 8192 KB
physical id	: 0
siblings	: 8
core id		: 3
cpu cores	: 4
apicid		: 7
initial apicid	: 7
fpu		: yes
fpu_exception	: yes
cpuid level	: 11
wp		: yes
flags		: fpu vme de pse tsc msr pae mce cx8 apic sep mtrr pge mca cmov pat pse36 clflush dts acpi mmx fxsr sse sse2 ss ht tm pbe syscall nx rdtscp lm constant_tsc arch_perfmon pebs bts rep_good nopl xtopology nonstop_tsc aperfmperf pni dtes64 monitor ds_cpl vmx smx est tm2 ssse3 cx16 xtpr pdcm sse4_1 sse4_2 popcnt lahf_lm ida dtherm tpr_shadow vnmi flexpriority ept vpid
bogomips	: 3723.99
clflush size	: 64
cache_alignment	: 64
address sizes	: 36 bits physical, 48 bits virtual
power management:



Memory: 4k page, physical 4037728k(431108k free), swap 1953120k(168768k free)

vm_info: OpenJDK 64-Bit Server VM (24.79-b02) for linux-amd64 JRE (1.7.0_79-b14), built on Apr 16 2015 08:21:58 by "buildd" with gcc 4.8.2

time: Sat Feb 27 01:00:19 2016
elapsed time: 108 seconds

