#
# There is insufficient memory for the Java Runtime Environment to continue.
# Native memory allocation (malloc) failed to allocate 88080384 bytes for committing reserved memory.
# Possible reasons:
#   The system is out of physical RAM or swap space
#   In 32 bit mode, the process size limit was hit
# Possible solutions:
#   Reduce memory load on the system
#   Increase physical memory or swap space
#   Check if swap backing store is full
#   Use 64 bit Java on a 64 bit OS
#   Decrease Java heap size (-Xmx/-Xms)
#   Decrease number of Java threads
#   Decrease Java thread stack sizes (-Xss)
#   Set larger code cache with -XX:ReservedCodeCacheSize=
# This output file may be truncated or incomplete.
#
#  Out of Memory Error (os_linux.cpp:2809), pid=31997, tid=140091914700544
#
# JRE version: OpenJDK Runtime Environment (7.0_79-b14) (build 1.7.0_79-b14)
# Java VM: OpenJDK 64-Bit Server VM (24.79-b02 mixed mode linux-amd64 compressed oops)
# Derivative: IcedTea 2.5.5
# Distribution: Ubuntu 14.04 LTS, package 7u79-2.5.5-0ubuntu0.14.04.2
# Failed to write core dump. Core dumps have been disabled. To enable core dumping, try "ulimit -c unlimited" before starting Java again
#

---------------  T H R E A D  ---------------

Current thread (0x00007f69b407e800):  VMThread [stack: 0x00007f69b0bfc000,0x00007f69b0cfd000] [id=32055]

Stack: [0x00007f69b0bfc000,0x00007f69b0cfd000],  sp=0x00007f69b0cfb490,  free space=1021k
Native frames: (J=compiled Java code, j=interpreted, Vv=VM code, C=native code)
V  [libjvm.so+0x94aec5]  VMError::report_and_die()+0x175
V  [libjvm.so+0x48b9c4]  report_vm_out_of_memory(char const*, int, unsigned long, char const*)+0x74
V  [libjvm.so+0x7c806b]  os::pd_commit_memory(char*, unsigned long, unsigned long, bool)+0xeb
V  [libjvm.so+0x7c2b0f]  os::commit_memory(char*, unsigned long, unsigned long, bool)+0x1f
V  [libjvm.so+0x83500b]  PSVirtualSpace::expand_by(unsigned long)+0x5b
V  [libjvm.so+0x835e60]  PSYoungGen::resize_generation(unsigned long, unsigned long)+0xb0
V  [libjvm.so+0x83654b]  PSYoungGen::resize(unsigned long, unsigned long)+0x1b
V  [libjvm.so+0x832830]  PSScavenge::invoke_no_policy()+0xde0
V  [libjvm.so+0x833008]  PSScavenge::invoke()+0x38
V  [libjvm.so+0x7e96f3]  ParallelScavengeHeap::failed_mem_allocate(unsigned long)+0x63
V  [libjvm.so+0x94c8c4]  VM_ParallelGCFailedAllocation::doit()+0x84
V  [libjvm.so+0x950dc7]  VM_Operation::evaluate()+0x47
V  [libjvm.so+0x94f738]  VMThread::evaluate_operation(VM_Operation*)+0x318
V  [libjvm.so+0x94fb99]  VMThread::loop()+0x219
V  [libjvm.so+0x94ffe2]  VMThread::run()+0x72
V  [libjvm.so+0x7c4f32]  java_start(Thread*)+0xf2

VM_Operation (0x00007f69a8561ea0): ParallelGCFailedAllocation, mode: safepoint, requested by thread 0x00007f69b41b8800


---------------  P R O C E S S  ---------------

Java Threads: ( => current thread )
  0x00007f69b41c3000 JavaThread "pool-1-thread-4" [_thread_blocked, id=32108, stack(0x00007f69a805f000,0x00007f69a8160000)]
  0x00007f69b41c1000 JavaThread "pool-1-thread-3" [_thread_blocked, id=32105, stack(0x00007f69a8160000,0x00007f69a8261000)]
  0x00007f69b41be000 JavaThread "pool-1-thread-2" [_thread_blocked, id=32104, stack(0x00007f69a8261000,0x00007f69a8362000)]
  0x00007f69b41bc000 JavaThread "pool-2-thread-1" [_thread_blocked, id=32103, stack(0x00007f69a8362000,0x00007f69a8463000)]
  0x00007f69b41b8800 JavaThread "pool-1-thread-1" [_thread_blocked, id=32102, stack(0x00007f69a8463000,0x00007f69a8564000)]
  0x00007f69b40af000 JavaThread "Service Thread" daemon [_thread_blocked, id=32079, stack(0x00007f69b032d000,0x00007f69b042e000)]
  0x00007f69b40ac800 JavaThread "C2 CompilerThread1" daemon [_thread_blocked, id=32078, stack(0x00007f69b042e000,0x00007f69b052f000)]
  0x00007f69b40a9800 JavaThread "C2 CompilerThread0" daemon [_thread_blocked, id=32076, stack(0x00007f69b052f000,0x00007f69b0630000)]
  0x00007f69b40a7800 JavaThread "Signal Dispatcher" daemon [_thread_blocked, id=32075, stack(0x00007f69b0630000,0x00007f69b0731000)]
  0x00007f69b4085000 JavaThread "Finalizer" daemon [_thread_blocked, id=32064, stack(0x00007f69b09fa000,0x00007f69b0afb000)]
  0x00007f69b4083000 JavaThread "Reference Handler" daemon [_thread_blocked, id=32061, stack(0x00007f69b0afb000,0x00007f69b0bfc000)]
  0x00007f69b400a800 JavaThread "main" [_thread_blocked, id=32002, stack(0x00007f69bdf20000,0x00007f69be021000)]

Other Threads:
=>0x00007f69b407e800 VMThread [stack: 0x00007f69b0bfc000,0x00007f69b0cfd000] [id=32055]
  0x00007f69b40b9800 WatcherThread [stack: 0x00007f69b022c000,0x00007f69b032d000] [id=32084]

VM state:at safepoint (normal execution)

VM Mutex/Monitor currently owned by a thread:  ([mutex/lock_event])
[0x00007f69b4006ac0] Threads_lock - owner thread: 0x00007f69b407e800
[0x00007f69b4006fc0] Heap_lock - owner thread: 0x00007f69b41b8800

Heap
 PSYoungGen      total 66048K, used 2541K [0x00000000eaa80000, 0x00000000eed80000, 0x0000000100000000)
  eden space 63488K, 0% used [0x00000000eaa80000,0x00000000eaa80000,0x00000000ee880000)
  from space 2560K, 99% used [0x00000000ee880000,0x00000000eeafb6b0,0x00000000eeb00000)
  to   space 2560K, 0% used [0x00000000eeb00000,0x00000000eeb00000,0x00000000eed80000)
 ParOldGen       total 41984K, used 24848K [0x00000000c0000000, 0x00000000c2900000, 0x00000000eaa80000)
  object space 41984K, 59% used [0x00000000c0000000,0x00000000c1844058,0x00000000c2900000)
 PSPermGen       total 21504K, used 6145K [0x00000000b5a00000, 0x00000000b6f00000, 0x00000000c0000000)
  object space 21504K, 28% used [0x00000000b5a00000,0x00000000b6000738,0x00000000b6f00000)

Card table byte_map: [0x00007f69ba917000,0x00007f69bab6b000] byte_map_base: 0x00007f69ba36a000

Polling page: 0x00007f69be048000

Code Cache  [0x00007f69b1000000, 0x00007f69b1270000, 0x00007f69b4000000)
 total_blobs=455 nmethods=225 adapters=184 free_code_cache=48145Kb largest_free_block=49239360

Compilation events (10 events):
Event: 33.120 Thread 0x00007f69b40ac800 nmethod 222 0x00007f69b10f2310 code [0x00007f69b10f2440, 0x00007f69b10f2498]
Event: 33.120 Thread 0x00007f69b40ac800  223             java.util.HashMap::<init> (119 bytes)
Event: 33.136 Thread 0x00007f69b40ac800 nmethod 223 0x00007f69b10f2010 code [0x00007f69b10f2160, 0x00007f69b10f2258]
Event: 33.136 Thread 0x00007f69b40ac800  224             java.util.HashMap::init (1 bytes)
Event: 33.137 Thread 0x00007f69b40ac800 nmethod 224 0x00007f69b10f1e10 code [0x00007f69b10f1f40, 0x00007f69b10f1f98]
Event: 33.137 Thread 0x00007f69b40ac800  225             com.android.dx.ssa.Optimizer::getPreserveLocals (4 bytes)
Event: 33.138 Thread 0x00007f69b40ac800 nmethod 225 0x00007f69b10f1c10 code [0x00007f69b10f1d40, 0x00007f69b10f1d98]
Event: 33.138 Thread 0x00007f69b40ac800  226             java.util.ArrayList::ensureCapacity (28 bytes)
Event: 33.145 Thread 0x00007f69b40ac800 nmethod 226 0x00007f69b10f1850 code [0x00007f69b10f19a0, 0x00007f69b10f1ab8]
Event: 33.145 Thread 0x00007f69b40ac800  227             com.android.dx.ssa.SCCP::simulateBlock (54 bytes)

GC Heap History (9 events):
Event: 6.199 GC heap before
{Heap before GC invocations=1 (full 0):
 PSYoungGen      total 18432K, used 15872K [0x00000000eaa80000, 0x00000000ebf00000, 0x0000000100000000)
  eden space 15872K, 100% used [0x00000000eaa80000,0x00000000eba00000,0x00000000eba00000)
  from space 2560K, 0% used [0x00000000ebc80000,0x00000000ebc80000,0x00000000ebf00000)
  to   space 2560K, 0% used [0x00000000eba00000,0x00000000eba00000,0x00000000ebc80000)
 ParOldGen       total 41984K, used 0K [0x00000000c0000000, 0x00000000c2900000, 0x00000000eaa80000)
  object space 41984K, 0% used [0x00000000c0000000,0x00000000c0000000,0x00000000c2900000)
 PSPermGen       total 21504K, used 5710K [0x00000000b5a00000, 0x00000000b6f00000, 0x00000000c0000000)
  object space 21504K, 26% used [0x00000000b5a00000,0x00000000b5f93bd8,0x00000000b6f00000)
Event: 6.327 GC heap after
Heap after GC invocations=1 (full 0):
 PSYoungGen      total 18432K, used 2554K [0x00000000eaa80000, 0x00000000ece80000, 0x0000000100000000)
  eden space 15872K, 0% used [0x00000000eaa80000,0x00000000eaa80000,0x00000000eba00000)
  from space 2560K, 99% used [0x00000000eba00000,0x00000000ebc7eab8,0x00000000ebc80000)
  to   space 2560K, 0% used [0x00000000ecc00000,0x00000000ecc00000,0x00000000ece80000)
 ParOldGen       total 41984K, used 1645K [0x00000000c0000000, 0x00000000c2900000, 0x00000000eaa80000)
  object space 41984K, 3% used [0x00000000c0000000,0x00000000c019b6c8,0x00000000c2900000)
 PSPermGen       total 21504K, used 5710K [0x00000000b5a00000, 0x00000000b6f00000, 0x00000000c0000000)
  object space 21504K, 26% used [0x00000000b5a00000,0x00000000b5f93bd8,0x00000000b6f00000)
}
Event: 10.195 GC heap before
{Heap before GC invocations=2 (full 0):
 PSYoungGen      total 18432K, used 18426K [0x00000000eaa80000, 0x00000000ece80000, 0x0000000100000000)
  eden space 15872K, 100% used [0x00000000eaa80000,0x00000000eba00000,0x00000000eba00000)
  from space 2560K, 99% used [0x00000000eba00000,0x00000000ebc7eab8,0x00000000ebc80000)
  to   space 2560K, 0% used [0x00000000ecc00000,0x00000000ecc00000,0x00000000ece80000)
 ParOldGen       total 41984K, used 1645K [0x00000000c0000000, 0x00000000c2900000, 0x00000000eaa80000)
  object space 41984K, 3% used [0x00000000c0000000,0x00000000c019b6c8,0x00000000c2900000)
 PSPermGen       total 21504K, used 5959K [0x00000000b5a00000, 0x00000000b6f00000, 0x00000000c0000000)
  object space 21504K, 27% used [0x00000000b5a00000,0x00000000b5fd1cd0,0x00000000b6f00000)
Event: 10.365 GC heap after
Heap after GC invocations=2 (full 0):
 PSYoungGen      total 34304K, used 2551K [0x00000000eaa80000, 0x00000000ece80000, 0x0000000100000000)
  eden space 31744K, 0% used [0x00000000eaa80000,0x00000000eaa80000,0x00000000ec980000)
  from space 2560K, 99% used [0x00000000ecc00000,0x00000000ece7dc98,0x00000000ece80000)
  to   space 2560K, 0% used [0x00000000ec980000,0x00000000ec980000,0x00000000ecc00000)
 ParOldGen       total 41984K, used 3790K [0x00000000c0000000, 0x00000000c2900000, 0x00000000eaa80000)
  object space 41984K, 9% used [0x00000000c0000000,0x00000000c03b3870,0x00000000c2900000)
 PSPermGen       total 21504K, used 5959K [0x00000000b5a00000, 0x00000000b6f00000, 0x00000000c0000000)
  object space 21504K, 27% used [0x00000000b5a00000,0x00000000b5fd1cd0,0x00000000b6f00000)
}
Event: 16.599 GC heap before
{Heap before GC invocations=3 (full 0):
 PSYoungGen      total 34304K, used 34295K [0x00000000eaa80000, 0x00000000ece80000, 0x0000000100000000)
  eden space 31744K, 100% used [0x00000000eaa80000,0x00000000ec980000,0x00000000ec980000)
  from space 2560K, 99% used [0x00000000ecc00000,0x00000000ece7dc98,0x00000000ece80000)
  to   space 2560K, 0% used [0x00000000ec980000,0x00000000ec980000,0x00000000ecc00000)
 ParOldGen       total 41984K, used 3790K [0x00000000c0000000, 0x00000000c2900000, 0x00000000eaa80000)
  object space 41984K, 9% used [0x00000000c0000000,0x00000000c03b3870,0x00000000c2900000)
 PSPermGen       total 21504K, used 6061K [0x00000000b5a00000, 0x00000000b6f00000, 0x00000000c0000000)
  object space 21504K, 28% used [0x00000000b5a00000,0x00000000b5feb550,0x00000000b6f00000)
Event: 16.711 GC heap after
Heap after GC invocations=3 (full 0):
 PSYoungGen      total 34304K, used 2528K [0x00000000eaa80000, 0x00000000eed80000, 0x0000000100000000)
  eden space 31744K, 0% used [0x00000000eaa80000,0x00000000eaa80000,0x00000000ec980000)
  from space 2560K, 98% used [0x00000000ec980000,0x00000000ecbf8028,0x00000000ecc00000)
  to   space 2560K, 0% used [0x00000000eeb00000,0x00000000eeb00000,0x00000000eed80000)
 ParOldGen       total 41984K, used 8870K [0x00000000c0000000, 0x00000000c2900000, 0x00000000eaa80000)
  object space 41984K, 21% used [0x00000000c0000000,0x00000000c08a9b50,0x00000000c2900000)
 PSPermGen       total 21504K, used 6061K [0x00000000b5a00000, 0x00000000b6f00000, 0x00000000c0000000)
  object space 21504K, 28% used [0x00000000b5a00000,0x00000000b5feb550,0x00000000b6f00000)
}
Event: 26.614 GC heap before
{Heap before GC invocations=4 (full 0):
 PSYoungGen      total 34304K, used 34272K [0x00000000eaa80000, 0x00000000eed80000, 0x0000000100000000)
  eden space 31744K, 100% used [0x00000000eaa80000,0x00000000ec980000,0x00000000ec980000)
  from space 2560K, 98% used [0x00000000ec980000,0x00000000ecbf8028,0x00000000ecc00000)
  to   space 2560K, 0% used [0x00000000eeb00000,0x00000000eeb00000,0x00000000eed80000)
 ParOldGen       total 41984K, used 8870K [0x00000000c0000000, 0x00000000c2900000, 0x00000000eaa80000)
  object space 41984K, 21% used [0x00000000c0000000,0x00000000c08a9b50,0x00000000c2900000)
 PSPermGen       total 21504K, used 6090K [0x00000000b5a00000, 0x00000000b6f00000, 0x00000000c0000000)
  object space 21504K, 28% used [0x00000000b5a00000,0x00000000b5ff2a88,0x00000000b6f00000)
Event: 30.939 GC heap after
Heap after GC invocations=4 (full 0):
 PSYoungGen      total 66048K, used 2531K [0x00000000eaa80000, 0x00000000eed80000, 0x0000000100000000)
  eden space 63488K, 0% used [0x00000000eaa80000,0x00000000eaa80000,0x00000000ee880000)
  from space 2560K, 98% used [0x00000000eeb00000,0x00000000eed78f90,0x00000000eed80000)
  to   space 2560K, 0% used [0x00000000ee880000,0x00000000ee880000,0x00000000eeb00000)
 ParOldGen       total 41984K, used 14470K [0x00000000c0000000, 0x00000000c2900000, 0x00000000eaa80000)
  object space 41984K, 34% used [0x00000000c0000000,0x00000000c0e218a0,0x00000000c2900000)
 PSPermGen       total 21504K, used 6090K [0x00000000b5a00000, 0x00000000b6f00000, 0x00000000c0000000)
  object space 21504K, 28% used [0x00000000b5a00000,0x00000000b5ff2a88,0x00000000b6f00000)
}
Event: 55.062 GC heap before
{Heap before GC invocations=5 (full 0):
 PSYoungGen      total 66048K, used 66019K [0x00000000eaa80000, 0x00000000eed80000, 0x0000000100000000)
  eden space 63488K, 100% used [0x00000000eaa80000,0x00000000ee880000,0x00000000ee880000)
  from space 2560K, 98% used [0x00000000eeb00000,0x00000000eed78f90,0x00000000eed80000)
  to   space 2560K, 0% used [0x00000000ee880000,0x00000000ee880000,0x00000000eeb00000)
 ParOldGen       total 41984K, used 14470K [0x00000000c0000000, 0x00000000c2900000, 0x00000000eaa80000)
  object space 41984K, 34% used [0x00000000c0000000,0x00000000c0e218a0,0x00000000c2900000)
 PSPermGen       total 21504K, used 6145K [0x00000000b5a00000, 0x00000000b6f00000, 0x00000000c0000000)
  object space 21504K, 28% used [0x00000000b5a00000,0x00000000b6000738,0x00000000b6f00000)

Deoptimization events (7 events):
Event: 5.578 Thread 0x00007f69b41be000 Uncommon trap: reason=class_check action=maybe_recompile pc=0x00007f69b1074808 method=com.android.dx.ssa.NormalSsaInsn.accept(Lcom/android/dx/ssa/SsaInsn$Visitor;)V @ 9
Event: 6.546 Thread 0x00007f69b400a800 Uncommon trap: reason=class_check action=maybe_recompile pc=0x00007f69b1074808 method=com.android.dx.ssa.NormalSsaInsn.accept(Lcom/android/dx/ssa/SsaInsn$Visitor;)V @ 9
Event: 6.546 Thread 0x00007f69b400a800 Uncommon trap: reason=class_check action=maybe_recompile pc=0x00007f69b1074808 method=com.android.dx.ssa.NormalSsaInsn.accept(Lcom/android/dx/ssa/SsaInsn$Visitor;)V @ 9
Event: 6.546 Thread 0x00007f69b400a800 Uncommon trap: reason=class_check action=maybe_recompile pc=0x00007f69b1074808 method=com.android.dx.ssa.NormalSsaInsn.accept(Lcom/android/dx/ssa/SsaInsn$Visitor;)V @ 9
Event: 10.455 Thread 0x00007f69b41b8800 Uncommon trap: reason=null_check action=make_not_entrant pc=0x00007f69b109a6cc method=com.android.dx.ssa.SsaRenamer.getLocalForNewReg(I)Lcom/android/dx/rop/code/LocalItem; @ 19
Event: 12.341 Thread 0x00007f69b41c3000 Uncommon trap: reason=null_check action=make_not_entrant pc=0x00007f69b10ad1e4 method=com.android.dx.ssa.SsaRenamer.getLocalForNewReg(I)Lcom/android/dx/rop/code/LocalItem; @ 19
Event: 41.588 Thread 0x00007f69b41b8800 Uncommon trap: reason=null_check action=make_not_entrant pc=0x00007f69b108db50 method=com.android.dx.rop.type.Type.equals(Ljava/lang/Object;)Z @ 8

Internal exceptions (10 events):
Event: 10.455 Thread 0x00007f69b41b8800 Implicit null exception at 0x00007f69b1098e64 to 0x00007f69b109a6a1
Event: 11.354 Thread 0x00007f69b400a800 Threw 0x00000000eae72e28 at /build/buildd/openjdk-7-7u79-2.5.5/build/openjdk/hotspot/src/share/vm/prims/jvm.cpp:1284
Event: 11.964 Thread 0x00007f69b41be000 Threw 0x00000000eb05f700 at /build/buildd/openjdk-7-7u79-2.5.5/build/openjdk/hotspot/src/share/vm/prims/jvm.cpp:1284
Event: 11.966 Thread 0x00007f69b41be000 Threw 0x00000000eb065860 at /build/buildd/openjdk-7-7u79-2.5.5/build/openjdk/hotspot/src/share/vm/prims/jvm.cpp:1284
Event: 11.992 Thread 0x00007f69b41be000 Threw 0x00000000eb06b818 at /build/buildd/openjdk-7-7u79-2.5.5/build/openjdk/hotspot/src/share/vm/prims/jvm.cpp:1284
Event: 12.341 Thread 0x00007f69b41c3000 Implicit null exception at 0x00007f69b10ab907 to 0x00007f69b10ad1bd
Event: 14.033 Thread 0x00007f69b400a800 Threw 0x00000000ebb480e0 at /build/buildd/openjdk-7-7u79-2.5.5/build/openjdk/hotspot/src/share/vm/prims/jvm.cpp:1284
Event: 21.135 Thread 0x00007f69b41be000 Threw 0x00000000ebbc02b0 at /build/buildd/openjdk-7-7u79-2.5.5/build/openjdk/hotspot/src/share/vm/prims/jvm.cpp:1284
Event: 41.274 Thread 0x00007f69b41b8800 Implicit null exception at 0x00007f69b108da52 to 0x00007f69b108db43
Event: 54.835 Thread 0x00007f69b400a800 Threw 0x00000000ee43d6b0 at /build/buildd/openjdk-7-7u79-2.5.5/build/openjdk/hotspot/src/share/vm/prims/jvm.cpp:1284

Events (10 events):
Event: 21.134 loading class 0x00007f69500042f0 done
Event: 26.607 Executing VM operation: ParallelGCFailedAllocation
Event: 30.939 Executing VM operation: ParallelGCFailedAllocation done
Event: 33.145 Thread 0x00007f69b40ac800 flushing nmethod 0x00007f69b10987d0
Event: 41.586 Thread 0x00007f69b41b8800 Uncommon trap: trap_request=0xfffffff4 fr.pc=0x00007f69b108db50
Event: 41.588 Thread 0x00007f69b41b8800 DEOPT PACKING pc=0x00007f69b108db50 sp=0x00007f69a8561f70
Event: 41.738 Thread 0x00007f69b41b8800 DEOPT UNPACKING pc=0x00007f69b1039045 sp=0x00007f69a8561f28 mode 2
Event: 54.834 loading class 0x00007f69b4114c50
Event: 54.834 loading class 0x00007f69b4114c50 done
Event: 55.061 Executing VM operation: ParallelGCFailedAllocation


Dynamic libraries:
00400000-00401000 r-xp 00000000 08:05 2888986                            /usr/lib/jvm/java-7-openjdk-amd64/jre/bin/java
00600000-00601000 r--p 00000000 08:05 2888986                            /usr/lib/jvm/java-7-openjdk-amd64/jre/bin/java
00601000-00602000 rw-p 00001000 08:05 2888986                            /usr/lib/jvm/java-7-openjdk-amd64/jre/bin/java
00d3e000-00d5f000 rw-p 00000000 00:00 0                                  [heap]
b5a00000-b6f00000 rw-p 00000000 00:00 0 
b6f00000-c0000000 rw-p 00000000 00:00 0 
c0000000-c2900000 rw-p 00000000 00:00 0 
c2900000-eaa80000 rw-p 00000000 00:00 0 
eaa80000-eed80000 rw-p 00000000 00:00 0 
f4180000-100000000 rw-p 00000000 00:00 0 
7f6944000000-7f6944021000 rw-p 00000000 00:00 0 
7f6944021000-7f6948000000 ---p 00000000 00:00 0 
7f6948000000-7f6948021000 rw-p 00000000 00:00 0 
7f6948021000-7f694c000000 ---p 00000000 00:00 0 
7f694c000000-7f694c021000 rw-p 00000000 00:00 0 
7f694c021000-7f6950000000 ---p 00000000 00:00 0 
7f6950000000-7f6950029000 rw-p 00000000 00:00 0 
7f6950029000-7f6954000000 ---p 00000000 00:00 0 
7f6954000000-7f6954021000 rw-p 00000000 00:00 0 
7f6954021000-7f6958000000 ---p 00000000 00:00 0 
7f6958000000-7f6958044000 rw-p 00000000 00:00 0 
7f6958044000-7f695c000000 ---p 00000000 00:00 0 
7f695c000000-7f695cf6d000 rw-p 00000000 00:00 0 
7f695cf6d000-7f6960000000 ---p 00000000 00:00 0 
7f6960000000-7f6960021000 rw-p 00000000 00:00 0 
7f6960021000-7f6964000000 ---p 00000000 00:00 0 
7f6964000000-7f6964021000 rw-p 00000000 00:00 0 
7f6964021000-7f6968000000 ---p 00000000 00:00 0 
7f6968000000-7f69690be000 rw-p 00000000 00:00 0 
7f69690be000-7f696c000000 ---p 00000000 00:00 0 
7f696c000000-7f696c021000 rw-p 00000000 00:00 0 
7f696c021000-7f6970000000 ---p 00000000 00:00 0 
7f6970000000-7f6970021000 rw-p 00000000 00:00 0 
7f6970021000-7f6974000000 ---p 00000000 00:00 0 
7f6974000000-7f6974021000 rw-p 00000000 00:00 0 
7f6974021000-7f6978000000 ---p 00000000 00:00 0 
7f697c000000-7f697c021000 rw-p 00000000 00:00 0 
7f697c021000-7f6980000000 ---p 00000000 00:00 0 
7f6980000000-7f6980252000 rw-p 00000000 00:00 0 
7f6980252000-7f6984000000 ---p 00000000 00:00 0 
7f6984000000-7f6984021000 rw-p 00000000 00:00 0 
7f6984021000-7f6988000000 ---p 00000000 00:00 0 
7f698c000000-7f698c021000 rw-p 00000000 00:00 0 
7f698c021000-7f6990000000 ---p 00000000 00:00 0 
7f6994000000-7f6994021000 rw-p 00000000 00:00 0 
7f6994021000-7f6998000000 ---p 00000000 00:00 0 
7f699c000000-7f699c021000 rw-p 00000000 00:00 0 
7f699c021000-7f69a0000000 ---p 00000000 00:00 0 
7f69a4000000-7f69a4021000 rw-p 00000000 00:00 0 
7f69a4021000-7f69a8000000 ---p 00000000 00:00 0 
7f69a805f000-7f69a8062000 ---p 00000000 00:00 0 
7f69a8062000-7f69a8160000 rw-p 00000000 00:00 0                          [stack:32108]
7f69a8160000-7f69a8163000 ---p 00000000 00:00 0 
7f69a8163000-7f69a8261000 rw-p 00000000 00:00 0                          [stack:32105]
7f69a8261000-7f69a8264000 ---p 00000000 00:00 0 
7f69a8264000-7f69a8362000 rw-p 00000000 00:00 0                          [stack:32104]
7f69a8362000-7f69a8365000 ---p 00000000 00:00 0 
7f69a8365000-7f69a8463000 rw-p 00000000 00:00 0                          [stack:32103]
7f69a8463000-7f69a8466000 ---p 00000000 00:00 0 
7f69a8466000-7f69a8564000 rw-p 00000000 00:00 0                          [stack:32102]
7f69a8564000-7f69a85a1000 r-xp 00000000 08:05 7209224                    /lib/x86_64-linux-gnu/libpcre.so.3.13.1
7f69a85a1000-7f69a87a0000 ---p 0003d000 08:05 7209224                    /lib/x86_64-linux-gnu/libpcre.so.3.13.1
7f69a87a0000-7f69a87a1000 r--p 0003c000 08:05 7209224                    /lib/x86_64-linux-gnu/libpcre.so.3.13.1
7f69a87a1000-7f69a87a2000 rw-p 0003d000 08:05 7209224                    /lib/x86_64-linux-gnu/libpcre.so.3.13.1
7f69a87a2000-7f69a87a9000 r-xp 00000000 08:05 2752657                    /usr/lib/x86_64-linux-gnu/libffi.so.6.0.1
7f69a87a9000-7f69a89a8000 ---p 00007000 08:05 2752657                    /usr/lib/x86_64-linux-gnu/libffi.so.6.0.1
7f69a89a8000-7f69a89a9000 r--p 00006000 08:05 2752657                    /usr/lib/x86_64-linux-gnu/libffi.so.6.0.1
7f69a89a9000-7f69a89aa000 rw-p 00007000 08:05 2752657                    /usr/lib/x86_64-linux-gnu/libffi.so.6.0.1
7f69a89aa000-7f69a89c1000 r-xp 00000000 08:05 7209933                    /lib/x86_64-linux-gnu/libresolv-2.19.so
7f69a89c1000-7f69a8bc1000 ---p 00017000 08:05 7209933                    /lib/x86_64-linux-gnu/libresolv-2.19.so
7f69a8bc1000-7f69a8bc2000 r--p 00017000 08:05 7209933                    /lib/x86_64-linux-gnu/libresolv-2.19.so
7f69a8bc2000-7f69a8bc3000 rw-p 00018000 08:05 7209933                    /lib/x86_64-linux-gnu/libresolv-2.19.so
7f69a8bc3000-7f69a8bc5000 rw-p 00000000 00:00 0 
7f69a8bc5000-7f69a8be5000 r-xp 00000000 08:05 7214671                    /lib/x86_64-linux-gnu/libselinux.so.1
7f69a8be5000-7f69a8de4000 ---p 00020000 08:05 7214671                    /lib/x86_64-linux-gnu/libselinux.so.1
7f69a8de4000-7f69a8de5000 r--p 0001f000 08:05 7214671                    /lib/x86_64-linux-gnu/libselinux.so.1
7f69a8de5000-7f69a8de6000 rw-p 00020000 08:05 7214671                    /lib/x86_64-linux-gnu/libselinux.so.1
7f69a8de6000-7f69a8de8000 rw-p 00000000 00:00 0 
7f69a8de8000-7f69a8deb000 r-xp 00000000 08:05 2760223                    /usr/lib/x86_64-linux-gnu/libgmodule-2.0.so.0.4002.0
7f69a8deb000-7f69a8fea000 ---p 00003000 08:05 2760223                    /usr/lib/x86_64-linux-gnu/libgmodule-2.0.so.0.4002.0
7f69a8fea000-7f69a8feb000 r--p 00002000 08:05 2760223                    /usr/lib/x86_64-linux-gnu/libgmodule-2.0.so.0.4002.0
7f69a8feb000-7f69a8fec000 rw-p 00003000 08:05 2760223                    /usr/lib/x86_64-linux-gnu/libgmodule-2.0.so.0.4002.0
7f69a8fec000-7f69a90f2000 r-xp 00000000 08:05 7214571                    /lib/x86_64-linux-gnu/libglib-2.0.so.0.4002.0
7f69a90f2000-7f69a92f1000 ---p 00106000 08:05 7214571                    /lib/x86_64-linux-gnu/libglib-2.0.so.0.4002.0
7f69a92f1000-7f69a92f2000 r--p 00105000 08:05 7214571                    /lib/x86_64-linux-gnu/libglib-2.0.so.0.4002.0
7f69a92f2000-7f69a92f3000 rw-p 00106000 08:05 7214571                    /lib/x86_64-linux-gnu/libglib-2.0.so.0.4002.0
7f69a92f3000-7f69a92f4000 rw-p 00000000 00:00 0 
7f69a92f4000-7f69a9343000 r-xp 00000000 08:05 2760247                    /usr/lib/x86_64-linux-gnu/libgobject-2.0.so.0.4002.0
7f69a9343000-7f69a9543000 ---p 0004f000 08:05 2760247                    /usr/lib/x86_64-linux-gnu/libgobject-2.0.so.0.4002.0
7f69a9543000-7f69a9544000 r--p 0004f000 08:05 2760247                    /usr/lib/x86_64-linux-gnu/libgobject-2.0.so.0.4002.0
7f69a9544000-7f69a9545000 rw-p 00050000 08:05 2760247                    /usr/lib/x86_64-linux-gnu/libgobject-2.0.so.0.4002.0
7f69a9545000-7f69a96b1000 r-xp 00000000 08:05 2760207                    /usr/lib/x86_64-linux-gnu/libgio-2.0.so.0.4002.0
7f69a96b1000-7f69a98b0000 ---p 0016c000 08:05 2760207                    /usr/lib/x86_64-linux-gnu/libgio-2.0.so.0.4002.0
7f69a98b0000-7f69a98b4000 r--p 0016b000 08:05 2760207                    /usr/lib/x86_64-linux-gnu/libgio-2.0.so.0.4002.0
7f69a98b4000-7f69a98b6000 rw-p 0016f000 08:05 2760207                    /usr/lib/x86_64-linux-gnu/libgio-2.0.so.0.4002.0
7f69a98b6000-7f69a98b8000 rw-p 00000000 00:00 0 
7f69a98b8000-7f69a98cf000 r-xp 00000000 08:05 2889051                    /usr/lib/jvm/java-7-openjdk-amd64/jre/lib/amd64/libnet.so
7f69a98cf000-7f69a9ace000 ---p 00017000 08:05 2889051                    /usr/lib/jvm/java-7-openjdk-amd64/jre/lib/amd64/libnet.so
7f69a9ace000-7f69a9acf000 r--p 00016000 08:05 2889051                    /usr/lib/jvm/java-7-openjdk-amd64/jre/lib/amd64/libnet.so
7f69a9acf000-7f69a9ad0000 rw-p 00017000 08:05 2889051                    /usr/lib/jvm/java-7-openjdk-amd64/jre/lib/amd64/libnet.so
7f69a9ad0000-7f69ac000000 rw-p 00000000 00:00 0 
7f69ac000000-7f69ac021000 rw-p 00000000 00:00 0 
7f69ac021000-7f69b0000000 ---p 00000000 00:00 0 
7f69b001a000-7f69b002a000 r-xp 00000000 08:05 2889038                    /usr/lib/jvm/java-7-openjdk-amd64/jre/lib/amd64/libnio.so
7f69b002a000-7f69b022a000 ---p 00010000 08:05 2889038                    /usr/lib/jvm/java-7-openjdk-amd64/jre/lib/amd64/libnio.so
7f69b022a000-7f69b022b000 r--p 00010000 08:05 2889038                    /usr/lib/jvm/java-7-openjdk-amd64/jre/lib/amd64/libnio.so
7f69b022b000-7f69b022c000 rw-p 00011000 08:05 2889038                    /usr/lib/jvm/java-7-openjdk-amd64/jre/lib/amd64/libnio.so
7f69b022c000-7f69b022d000 ---p 00000000 00:00 0 
7f69b022d000-7f69b032d000 rw-p 00000000 00:00 0                          [stack:32084]
7f69b032d000-7f69b0330000 ---p 00000000 00:00 0 
7f69b0330000-7f69b042e000 rw-p 00000000 00:00 0                          [stack:32079]
7f69b042e000-7f69b0431000 ---p 00000000 00:00 0 
7f69b0431000-7f69b052f000 rw-p 00000000 00:00 0                          [stack:32078]
7f69b052f000-7f69b0532000 ---p 00000000 00:00 0 
7f69b0532000-7f69b0630000 rw-p 00000000 00:00 0                          [stack:32076]
7f69b0630000-7f69b0633000 ---p 00000000 00:00 0 
7f69b0633000-7f69b0731000 rw-p 00000000 00:00 0                          [stack:32075]
7f69b0731000-7f69b09fa000 r--p 00000000 08:05 2758252                    /usr/lib/locale/locale-archive
7f69b09fa000-7f69b09fd000 ---p 00000000 00:00 0 
7f69b09fd000-7f69b0afb000 rw-p 00000000 00:00 0                          [stack:32064]
7f69b0afb000-7f69b0afe000 ---p 00000000 00:00 0 
7f69b0afe000-7f69b0bfc000 rw-p 00000000 00:00 0                          [stack:32061]
7f69b0bfc000-7f69b0bfd000 ---p 00000000 00:00 0 
7f69b0bfd000-7f69b1000000 rw-p 00000000 00:00 0                          [stack:32055]
7f69b1000000-7f69b1270000 rwxp 00000000 00:00 0 
7f69b1270000-7f69b41da000 rw-p 00000000 00:00 0 
7f69b41da000-7f69b8000000 ---p 00000000 00:00 0 
7f69b8067000-7f69b8098000 rw-p 00000000 00:00 0 
7f69b80bb000-7f69b80d0000 r--s 000e5000 08:05 4128024                    /home/barnes/UmmoQMasterDashboard/app/build/intermediates/exploded-aar/com.android.support/support-v4/23.1.1/jars/classes.jar
7f69b80d0000-7f69b80df000 r--s 000df000 08:05 2972108                    /home/barnes/android-sdk/android-sdk-linux/build-tools/23.0.1/lib/dx.jar
7f69b80df000-7f69b9a69000 rw-p 00000000 00:00 0 
7f69b9a69000-7f69b9c1a000 r--s 01d27000 08:05 2889057                    /usr/lib/jvm/java-7-openjdk-amd64/jre/lib/rt.jar
7f69b9c1a000-7f69b9f66000 rw-p 00000000 00:00 0 
7f69b9f66000-7f69b9f67000 ---p 00000000 00:00 0 
7f69b9f67000-7f69ba067000 rw-p 00000000 00:00 0                          [stack:32046]
7f69ba067000-7f69ba068000 ---p 00000000 00:00 0 
7f69ba068000-7f69ba168000 rw-p 00000000 00:00 0                          [stack:32045]
7f69ba168000-7f69ba169000 ---p 00000000 00:00 0 
7f69ba169000-7f69ba269000 rw-p 00000000 00:00 0                          [stack:32044]
7f69ba269000-7f69ba26a000 ---p 00000000 00:00 0 
7f69ba26a000-7f69ba36a000 rw-p 00000000 00:00 0                          [stack:32043]
7f69ba36a000-7f69ba36b000 ---p 00000000 00:00 0 
7f69ba36b000-7f69ba46b000 rw-p 00000000 00:00 0                          [stack:32042]
7f69ba46b000-7f69ba46c000 ---p 00000000 00:00 0 
7f69ba46c000-7f69ba56c000 rw-p 00000000 00:00 0                          [stack:32041]
7f69ba56c000-7f69ba56d000 ---p 00000000 00:00 0 
7f69ba56d000-7f69ba66d000 rw-p 00000000 00:00 0                          [stack:32040]
7f69ba66d000-7f69ba66e000 ---p 00000000 00:00 0 
7f69ba66e000-7f69ba779000 rw-p 00000000 00:00 0                          [stack:32035]
7f69ba779000-7f69ba7c1000 rw-p 00000000 00:00 0 
7f69ba7c1000-7f69ba7d6000 rw-p 00000000 00:00 0 
7f69ba7d6000-7f69ba917000 rw-p 00000000 00:00 0 
7f69ba917000-7f69ba922000 rw-p 00000000 00:00 0 
7f69ba922000-7f69ba96a000 rw-p 00000000 00:00 0 
7f69ba96a000-7f69ba97f000 rw-p 00000000 00:00 0 
7f69ba97f000-7f69baabf000 rw-p 00000000 00:00 0 
7f69baabf000-7f69baae1000 rw-p 00000000 00:00 0 
7f69baae1000-7f69bab6a000 rw-p 00000000 00:00 0 
7f69bab6a000-7f69bab6b000 rw-p 00000000 00:00 0 
7f69bab6b000-7f69bab73000 r-xp 00000000 08:05 2889034                    /usr/lib/jvm/java-7-openjdk-amd64/jre/lib/amd64/libzip.so
7f69bab73000-7f69bad72000 ---p 00008000 08:05 2889034                    /usr/lib/jvm/java-7-openjdk-amd64/jre/lib/amd64/libzip.so
7f69bad72000-7f69bad73000 r--p 00007000 08:05 2889034                    /usr/lib/jvm/java-7-openjdk-amd64/jre/lib/amd64/libzip.so
7f69bad73000-7f69bad74000 rw-p 00008000 08:05 2889034                    /usr/lib/jvm/java-7-openjdk-amd64/jre/lib/amd64/libzip.so
7f69bad74000-7f69bad7f000 r-xp 00000000 08:05 7209939                    /lib/x86_64-linux-gnu/libnss_files-2.19.so
7f69bad7f000-7f69baf7e000 ---p 0000b000 08:05 7209939                    /lib/x86_64-linux-gnu/libnss_files-2.19.so
7f69baf7e000-7f69baf7f000 r--p 0000a000 08:05 7209939                    /lib/x86_64-linux-gnu/libnss_files-2.19.so
7f69baf7f000-7f69baf80000 rw-p 0000b000 08:05 7209939                    /lib/x86_64-linux-gnu/libnss_files-2.19.so
7f69baf80000-7f69baf8b000 r-xp 00000000 08:05 7213981                    /lib/x86_64-linux-gnu/libnss_nis-2.19.so
7f69baf8b000-7f69bb18a000 ---p 0000b000 08:05 7213981                    /lib/x86_64-linux-gnu/libnss_nis-2.19.so
7f69bb18a000-7f69bb18b000 r--p 0000a000 08:05 7213981                    /lib/x86_64-linux-gnu/libnss_nis-2.19.so
7f69bb18b000-7f69bb18c000 rw-p 0000b000 08:05 7213981                    /lib/x86_64-linux-gnu/libnss_nis-2.19.so
7f69bb18c000-7f69bb1a3000 r-xp 00000000 08:05 7213959                    /lib/x86_64-linux-gnu/libnsl-2.19.so
7f69bb1a3000-7f69bb3a2000 ---p 00017000 08:05 7213959                    /lib/x86_64-linux-gnu/libnsl-2.19.so
7f69bb3a2000-7f69bb3a3000 r--p 00016000 08:05 7213959                    /lib/x86_64-linux-gnu/libnsl-2.19.so
7f69bb3a3000-7f69bb3a4000 rw-p 00017000 08:05 7213959                    /lib/x86_64-linux-gnu/libnsl-2.19.so
7f69bb3a4000-7f69bb3a6000 rw-p 00000000 00:00 0 
7f69bb3a6000-7f69bb3af000 r-xp 00000000 08:05 7213957                    /lib/x86_64-linux-gnu/libnss_compat-2.19.so
7f69bb3af000-7f69bb5ae000 ---p 00009000 08:05 7213957                    /lib/x86_64-linux-gnu/libnss_compat-2.19.so
7f69bb5ae000-7f69bb5af000 r--p 00008000 08:05 7213957                    /lib/x86_64-linux-gnu/libnss_compat-2.19.so
7f69bb5af000-7f69bb5b0000 rw-p 00009000 08:05 7213957                    /lib/x86_64-linux-gnu/libnss_compat-2.19.so
7f69bb5b0000-7f69bb5db000 r-xp 00000000 08:05 2889050                    /usr/lib/jvm/java-7-openjdk-amd64/jre/lib/amd64/libjava.so
7f69bb5db000-7f69bb7db000 ---p 0002b000 08:05 2889050                    /usr/lib/jvm/java-7-openjdk-amd64/jre/lib/amd64/libjava.so
7f69bb7db000-7f69bb7dc000 r--p 0002b000 08:05 2889050                    /usr/lib/jvm/java-7-openjdk-amd64/jre/lib/amd64/libjava.so
7f69bb7dc000-7f69bb7de000 rw-p 0002c000 08:05 2889050                    /usr/lib/jvm/java-7-openjdk-amd64/jre/lib/amd64/libjava.so
7f69bb7de000-7f69bb7ee000 r-xp 00000000 08:05 2889047                    /usr/lib/jvm/java-7-openjdk-amd64/jre/lib/amd64/libverify.so
7f69bb7ee000-7f69bb9ed000 ---p 00010000 08:05 2889047                    /usr/lib/jvm/java-7-openjdk-amd64/jre/lib/amd64/libverify.so
7f69bb9ed000-7f69bb9ef000 r--p 0000f000 08:05 2889047                    /usr/lib/jvm/java-7-openjdk-amd64/jre/lib/amd64/libverify.so
7f69bb9ef000-7f69bb9f0000 rw-p 00011000 08:05 2889047                    /usr/lib/jvm/java-7-openjdk-amd64/jre/lib/amd64/libverify.so
7f69bb9f0000-7f69bb9f7000 r-xp 00000000 08:05 7213975                    /lib/x86_64-linux-gnu/librt-2.19.so
7f69bb9f7000-7f69bbbf6000 ---p 00007000 08:05 7213975                    /lib/x86_64-linux-gnu/librt-2.19.so
7f69bbbf6000-7f69bbbf7000 r--p 00006000 08:05 7213975                    /lib/x86_64-linux-gnu/librt-2.19.so
7f69bbbf7000-7f69bbbf8000 rw-p 00007000 08:05 7213975                    /lib/x86_64-linux-gnu/librt-2.19.so
7f69bbbf8000-7f69bbc0e000 r-xp 00000000 08:05 7214567                    /lib/x86_64-linux-gnu/libgcc_s.so.1
7f69bbc0e000-7f69bbe0d000 ---p 00016000 08:05 7214567                    /lib/x86_64-linux-gnu/libgcc_s.so.1
7f69bbe0d000-7f69bbe0e000 rw-p 00015000 08:05 7214567                    /lib/x86_64-linux-gnu/libgcc_s.so.1
7f69bbe0e000-7f69bbf13000 r-xp 00000000 08:05 7209937                    /lib/x86_64-linux-gnu/libm-2.19.so
7f69bbf13000-7f69bc112000 ---p 00105000 08:05 7209937                    /lib/x86_64-linux-gnu/libm-2.19.so
7f69bc112000-7f69bc113000 r--p 00104000 08:05 7209937                    /lib/x86_64-linux-gnu/libm-2.19.so
7f69bc113000-7f69bc114000 rw-p 00105000 08:05 7209937                    /lib/x86_64-linux-gnu/libm-2.19.so
7f69bc114000-7f69bc1fa000 r-xp 00000000 08:05 2795214                    /usr/lib/x86_64-linux-gnu/libstdc++.so.6.0.19
7f69bc1fa000-7f69bc3f9000 ---p 000e6000 08:05 2795214                    /usr/lib/x86_64-linux-gnu/libstdc++.so.6.0.19
7f69bc3f9000-7f69bc401000 r--p 000e5000 08:05 2795214                    /usr/lib/x86_64-linux-gnu/libstdc++.so.6.0.19
7f69bc401000-7f69bc403000 rw-p 000ed000 08:05 2795214                    /usr/lib/x86_64-linux-gnu/libstdc++.so.6.0.19
7f69bc403000-7f69bc418000 rw-p 00000000 00:00 0 
7f69bc418000-7f69bcf30000 r-xp 00000000 08:05 2889055                    /usr/lib/jvm/java-7-openjdk-amd64/jre/lib/amd64/server/libjvm.so
7f69bcf30000-7f69bd130000 ---p 00b18000 08:05 2889055                    /usr/lib/jvm/java-7-openjdk-amd64/jre/lib/amd64/server/libjvm.so
7f69bd130000-7f69bd1ca000 r--p 00b18000 08:05 2889055                    /usr/lib/jvm/java-7-openjdk-amd64/jre/lib/amd64/server/libjvm.so
7f69bd1ca000-7f69bd1ed000 rw-p 00bb2000 08:05 2889055                    /usr/lib/jvm/java-7-openjdk-amd64/jre/lib/amd64/server/libjvm.so
7f69bd1ed000-7f69bd21b000 rw-p 00000000 00:00 0 
7f69bd21b000-7f69bd233000 r-xp 00000000 08:05 7214704                    /lib/x86_64-linux-gnu/libz.so.1.2.8
7f69bd233000-7f69bd432000 ---p 00018000 08:05 7214704                    /lib/x86_64-linux-gnu/libz.so.1.2.8
7f69bd432000-7f69bd433000 r--p 00017000 08:05 7214704                    /lib/x86_64-linux-gnu/libz.so.1.2.8
7f69bd433000-7f69bd434000 rw-p 00018000 08:05 7214704                    /lib/x86_64-linux-gnu/libz.so.1.2.8
7f69bd434000-7f69bd44d000 r-xp 00000000 08:05 7213971                    /lib/x86_64-linux-gnu/libpthread-2.19.so
7f69bd44d000-7f69bd64c000 ---p 00019000 08:05 7213971                    /lib/x86_64-linux-gnu/libpthread-2.19.so
7f69bd64c000-7f69bd64d000 r--p 00018000 08:05 7213971                    /lib/x86_64-linux-gnu/libpthread-2.19.so
7f69bd64d000-7f69bd64e000 rw-p 00019000 08:05 7213971                    /lib/x86_64-linux-gnu/libpthread-2.19.so
7f69bd64e000-7f69bd652000 rw-p 00000000 00:00 0 
7f69bd652000-7f69bd655000 r-xp 00000000 08:05 7209973                    /lib/x86_64-linux-gnu/libdl-2.19.so
7f69bd655000-7f69bd854000 ---p 00003000 08:05 7209973                    /lib/x86_64-linux-gnu/libdl-2.19.so
7f69bd854000-7f69bd855000 r--p 00002000 08:05 7209973                    /lib/x86_64-linux-gnu/libdl-2.19.so
7f69bd855000-7f69bd856000 rw-p 00003000 08:05 7209973                    /lib/x86_64-linux-gnu/libdl-2.19.so
7f69bd856000-7f69bda11000 r-xp 00000000 08:05 7213969                    /lib/x86_64-linux-gnu/libc-2.19.so
7f69bda11000-7f69bdc10000 ---p 001bb000 08:05 7213969                    /lib/x86_64-linux-gnu/libc-2.19.so
7f69bdc10000-7f69bdc14000 r--p 001ba000 08:05 7213969                    /lib/x86_64-linux-gnu/libc-2.19.so
7f69bdc14000-7f69bdc16000 rw-p 001be000 08:05 7213969                    /lib/x86_64-linux-gnu/libc-2.19.so
7f69bdc16000-7f69bdc1b000 rw-p 00000000 00:00 0 
7f69bdc1b000-7f69bdc28000 r-xp 00000000 08:05 2889026                    /usr/lib/jvm/java-7-openjdk-amd64/jre/lib/amd64/jli/libjli.so
7f69bdc28000-7f69bde27000 ---p 0000d000 08:05 2889026                    /usr/lib/jvm/java-7-openjdk-amd64/jre/lib/amd64/jli/libjli.so
7f69bde27000-7f69bde28000 r--p 0000c000 08:05 2889026                    /usr/lib/jvm/java-7-openjdk-amd64/jre/lib/amd64/jli/libjli.so
7f69bde28000-7f69bde29000 rw-p 0000d000 08:05 2889026                    /usr/lib/jvm/java-7-openjdk-amd64/jre/lib/amd64/jli/libjli.so
7f69bde29000-7f69bde4c000 r-xp 00000000 08:05 7213963                    /lib/x86_64-linux-gnu/ld-2.19.so
7f69bde4d000-7f69bde4e000 rw-p 00000000 00:00 0 
7f69bde4e000-7f69bde50000 r--s 00012000 08:05 2889066                    /usr/lib/jvm/java-7-openjdk-amd64/jre/lib/ext/zipfs.jar
7f69bde50000-7f69bde54000 r--s 0003c000 08:05 2889062                    /usr/lib/jvm/java-7-openjdk-amd64/jre/lib/ext/sunpkcs11.jar
7f69bde54000-7f69bde57000 r--s 00086000 08:05 2889063                    /usr/lib/jvm/java-7-openjdk-amd64/jre/lib/ext/localedata.jar
7f69bde57000-7f69bde5a000 r--s 0000f000 08:05 2889060                    /usr/lib/jvm/java-7-openjdk-amd64/jre/lib/ext/icedtea-sound.jar
7f69bde5a000-7f69bde5c000 r--s 00006000 08:05 2773912                    /usr/share/java/java-atk-wrapper.jar
7f69bde5c000-7f69bde60000 r--s 00034000 08:05 2889065                    /usr/lib/jvm/java-7-openjdk-amd64/jre/lib/ext/sunjce_provider.jar
7f69bde60000-7f69bde6a000 rw-p 00000000 00:00 0 
7f69bde6a000-7f69bdf20000 rw-p 00000000 00:00 0 
7f69bdf20000-7f69bdf23000 ---p 00000000 00:00 0 
7f69bdf23000-7f69be026000 rw-p 00000000 00:00 0                          [stack:32002]
7f69be026000-7f69be027000 r--s 00002000 08:05 2889061                    /usr/lib/jvm/java-7-openjdk-amd64/jre/lib/ext/dnsns.jar
7f69be027000-7f69be03f000 rw-p 00000000 00:00 0 
7f69be03f000-7f69be047000 rw-s 00000000 08:05 940571                     /tmp/hsperfdata_barnes/31997
7f69be047000-7f69be048000 rw-p 00000000 00:00 0 
7f69be048000-7f69be049000 ---p 00000000 00:00 0 
7f69be049000-7f69be04b000 rw-p 00000000 00:00 0 
7f69be04b000-7f69be04c000 r--p 00022000 08:05 7213963                    /lib/x86_64-linux-gnu/ld-2.19.so
7f69be04c000-7f69be04d000 rw-p 00023000 08:05 7213963                    /lib/x86_64-linux-gnu/ld-2.19.so
7f69be04d000-7f69be04e000 rw-p 00000000 00:00 0 
7fff41689000-7fff416aa000 rw-p 00000000 00:00 0                          [stack]
7fff417fc000-7fff417fe000 r-xp 00000000 00:00 0                          [vdso]
ffffffffff600000-ffffffffff601000 r-xp 00000000 00:00 0                  [vsyscall]

VM Arguments:
jvm_args: -Djava.awt.headless=true -Xmx1024M -Dfile.encoding=UTF-8 -Duser.country=US -Duser.language=en -Duser.variant 
java_command: com.android.dx.command.Main --dex --num-threads=4 --output /home/barnes/UmmoQMasterDashboard/app/build/intermediates/pre-dexed/debug/com.android.support-support-v4-23.1.1_2c8a9a40ac0663116aa5dce57abc6af7e9d8fcf0.jar /home/barnes/UmmoQMasterDashboard/app/build/intermediates/exploded-aar/com.android.support/support-v4/23.1.1/jars/classes.jar
Launcher Type: SUN_STANDARD

Environment Variables:
PATH=/usr/local/sbin:/usr/local/bin:/usr/sbin:/usr/bin:/sbin:/bin:/usr/games:/usr/local/games:/home/barnes/.rvm/bin:/home/barnes/.rvm/bin
USERNAME=barnes
LD_LIBRARY_PATH=/home/barnes/android-studio-sdk/android-studio/bin:
SHELL=/bin/bash
DISPLAY=:0

Signal Handlers:
SIGSEGV: [libjvm.so+0x94b9a0], sa_mask[0]=0x7ffbfeff, sa_flags=0x10000004
SIGBUS: [libjvm.so+0x94b9a0], sa_mask[0]=0x7ffbfeff, sa_flags=0x10000004
SIGFPE: [libjvm.so+0x7c3880], sa_mask[0]=0x7ffbfeff, sa_flags=0x10000004
SIGPIPE: [libjvm.so+0x7c3880], sa_mask[0]=0x7ffbfeff, sa_flags=0x10000004
SIGXFSZ: [libjvm.so+0x7c3880], sa_mask[0]=0x7ffbfeff, sa_flags=0x10000004
SIGILL: [libjvm.so+0x7c3880], sa_mask[0]=0x7ffbfeff, sa_flags=0x10000004
SIGUSR1: SIG_DFL, sa_mask[0]=0x00000000, sa_flags=0x00000000
SIGUSR2: [libjvm.so+0x7c3720], sa_mask[0]=0x00000004, sa_flags=0x10000004
SIGHUP: [libjvm.so+0x7c3900], sa_mask[0]=0x7ffbfeff, sa_flags=0x10000004
SIGINT: [libjvm.so+0x7c3900], sa_mask[0]=0x7ffbfeff, sa_flags=0x10000004
SIGTERM: [libjvm.so+0x7c3900], sa_mask[0]=0x7ffbfeff, sa_flags=0x10000004
SIGQUIT: [libjvm.so+0x7c3900], sa_mask[0]=0x7ffbfeff, sa_flags=0x10000004
SIGTRAP: SIG_DFL, sa_mask[0]=0x00000000, sa_flags=0x00000000


---------------  S Y S T E M  ---------------

OS:LinuxMint 17.1 (rebecca)
uname:Linux 3.13.0-37-generic #64-Ubuntu SMP Mon Sep 22 21:28:38 UTC 2014 x86_64
libc:glibc 2.19 NPTL 2.19 
rlimit: STACK 8192k, CORE 0k, NPROC 31304, NOFILE 4096, AS infinity
load average:44.08 17.09 7.21

/proc/meminfo:
MemTotal:        4037728 kB
MemFree:           89256 kB
Buffers:             332 kB
Cached:            15428 kB
SwapCached:          600 kB
Active:          2948464 kB
Inactive:         755624 kB
Active(anon):    2943260 kB
Inactive(anon):   750996 kB
Active(file):       5204 kB
Inactive(file):     4628 kB
Unevictable:           0 kB
Mlocked:               0 kB
SwapTotal:       1953120 kB
SwapFree:              0 kB
Dirty:               192 kB
Writeback:             4 kB
AnonPages:       3687816 kB
Mapped:            39420 kB
Shmem:              5788 kB
Slab:              94272 kB
SReclaimable:      52248 kB
SUnreclaim:        42024 kB
KernelStack:        7680 kB
PageTables:        41356 kB
NFS_Unstable:          0 kB
Bounce:                0 kB
WritebackTmp:          0 kB
CommitLimit:     3971984 kB
Committed_AS:    9539296 kB
VmallocTotal:   34359738367 kB
VmallocUsed:      116364 kB
VmallocChunk:   34359615484 kB
HardwareCorrupted:     0 kB
AnonHugePages:   1298432 kB
HugePages_Total:       0
HugePages_Free:        0
HugePages_Rsvd:        0
HugePages_Surp:        0
Hugepagesize:       2048 kB
DirectMap4k:      455036 kB
DirectMap2M:     3729408 kB


CPU:total 8 (4 cores per cpu, 2 threads per core) family 6 model 30 stepping 5, cmov, cx8, fxsr, mmx, sse, sse2, sse3, ssse3, sse4.1, sse4.2, popcnt, ht, tsc, tscinvbit

/proc/cpuinfo:
processor	: 0
vendor_id	: GenuineIntel
cpu family	: 6
model		: 30
model name	: Intel(R) Core(TM) i7 CPU       Q 840  @ 1.87GHz
stepping	: 5
microcode	: 0x3
cpu MHz		: 1199.000
cache size	: 8192 KB
physical id	: 0
siblings	: 8
core id		: 0
cpu cores	: 4
apicid		: 0
initial apicid	: 0
fpu		: yes
fpu_exception	: yes
cpuid level	: 11
wp		: yes
flags		: fpu vme de pse tsc msr pae mce cx8 apic sep mtrr pge mca cmov pat pse36 clflush dts acpi mmx fxsr sse sse2 ss ht tm pbe syscall nx rdtscp lm constant_tsc arch_perfmon pebs bts rep_good nopl xtopology nonstop_tsc aperfmperf pni dtes64 monitor ds_cpl vmx smx est tm2 ssse3 cx16 xtpr pdcm sse4_1 sse4_2 popcnt lahf_lm ida dtherm tpr_shadow vnmi flexpriority ept vpid
bogomips	: 3724.29
clflush size	: 64
cache_alignment	: 64
address sizes	: 36 bits physical, 48 bits virtual
power management:

processor	: 1
vendor_id	: GenuineIntel
cpu family	: 6
model		: 30
model name	: Intel(R) Core(TM) i7 CPU       Q 840  @ 1.87GHz
stepping	: 5
microcode	: 0x3
cpu MHz		: 1199.000
cache size	: 8192 KB
physical id	: 0
siblings	: 8
core id		: 1
cpu cores	: 4
apicid		: 2
initial apicid	: 2
fpu		: yes
fpu_exception	: yes
cpuid level	: 11
wp		: yes
flags		: fpu vme de pse tsc msr pae mce cx8 apic sep mtrr pge mca cmov pat pse36 clflush dts acpi mmx fxsr sse sse2 ss ht tm pbe syscall nx rdtscp lm constant_tsc arch_perfmon pebs bts rep_good nopl xtopology nonstop_tsc aperfmperf pni dtes64 monitor ds_cpl vmx smx est tm2 ssse3 cx16 xtpr pdcm sse4_1 sse4_2 popcnt lahf_lm ida dtherm tpr_shadow vnmi flexpriority ept vpid
bogomips	: 3724.29
clflush size	: 64
cache_alignment	: 64
address sizes	: 36 bits physical, 48 bits virtual
power management:

processor	: 2
vendor_id	: GenuineIntel
cpu family	: 6
model		: 30
model name	: Intel(R) Core(TM) i7 CPU       Q 840  @ 1.87GHz
stepping	: 5
microcode	: 0x3
cpu MHz		: 1199.000
cache size	: 8192 KB
physical id	: 0
siblings	: 8
core id		: 2
cpu cores	: 4
apicid		: 4
initial apicid	: 4
fpu		: yes
fpu_exception	: yes
cpuid level	: 11
wp		: yes
flags		: fpu vme de pse tsc msr pae mce cx8 apic sep mtrr pge mca cmov pat pse36 clflush dts acpi mmx fxsr sse sse2 ss ht tm pbe syscall nx rdtscp lm constant_tsc arch_perfmon pebs bts rep_good nopl xtopology nonstop_tsc aperfmperf pni dtes64 monitor ds_cpl vmx smx est tm2 ssse3 cx16 xtpr pdcm sse4_1 sse4_2 popcnt lahf_lm ida dtherm tpr_shadow vnmi flexpriority ept vpid
bogomips	: 3724.29
clflush size	: 64
cache_alignment	: 64
address sizes	: 36 bits physical, 48 bits virtual
power management:

processor	: 3
vendor_id	: GenuineIntel
cpu family	: 6
model		: 30
model name	: Intel(R) Core(TM) i7 CPU       Q 840  @ 1.87GHz
stepping	: 5
microcode	: 0x3
cpu MHz		: 1199.000
cache size	: 8192 KB
physical id	: 0
siblings	: 8
core id		: 3
cpu cores	: 4
apicid		: 6
initial apicid	: 6
fpu		: yes
fpu_exception	: yes
cpuid level	: 11
wp		: yes
flags		: fpu vme de pse tsc msr pae mce cx8 apic sep mtrr pge mca cmov pat pse36 clflush dts acpi mmx fxsr sse sse2 ss ht tm pbe syscall nx rdtscp lm constant_tsc arch_perfmon pebs bts rep_good nopl xtopology nonstop_tsc aperfmperf pni dtes64 monitor ds_cpl vmx smx est tm2 ssse3 cx16 xtpr pdcm sse4_1 sse4_2 popcnt lahf_lm ida dtherm tpr_shadow vnmi flexpriority ept vpid
bogomips	: 3724.29
clflush size	: 64
cache_alignment	: 64
address sizes	: 36 bits physical, 48 bits virtual
power management:

processor	: 4
vendor_id	: GenuineIntel
cpu family	: 6
model		: 30
model name	: Intel(R) Core(TM) i7 CPU       Q 840  @ 1.87GHz
stepping	: 5
microcode	: 0x3
cpu MHz		: 1199.000
cache size	: 8192 KB
physical id	: 0
siblings	: 8
core id		: 0
cpu cores	: 4
apicid		: 1
initial apicid	: 1
fpu		: yes
fpu_exception	: yes
cpuid level	: 11
wp		: yes
flags		: fpu vme de pse tsc msr pae mce cx8 apic sep mtrr pge mca cmov pat pse36 clflush dts acpi mmx fxsr sse sse2 ss ht tm pbe syscall nx rdtscp lm constant_tsc arch_perfmon pebs bts rep_good nopl xtopology nonstop_tsc aperfmperf pni dtes64 monitor ds_cpl vmx smx est tm2 ssse3 cx16 xtpr pdcm sse4_1 sse4_2 popcnt lahf_lm ida dtherm tpr_shadow vnmi flexpriority ept vpid
bogomips	: 3724.29
clflush size	: 64
cache_alignment	: 64
address sizes	: 36 bits physical, 48 bits virtual
power management:

processor	: 5
vendor_id	: GenuineIntel
cpu family	: 6
model		: 30
model name	: Intel(R) Core(TM) i7 CPU       Q 840  @ 1.87GHz
stepping	: 5
microcode	: 0x3
cpu MHz		: 1199.000
cache size	: 8192 KB
physical id	: 0
siblings	: 8
core id		: 1
cpu cores	: 4
apicid		: 3
initial apicid	: 3
fpu		: yes
fpu_exception	: yes
cpuid level	: 11
wp		: yes
flags		: fpu vme de pse tsc msr pae mce cx8 apic sep mtrr pge mca cmov pat pse36 clflush dts acpi mmx fxsr sse sse2 ss ht tm pbe syscall nx rdtscp lm constant_tsc arch_perfmon pebs bts rep_good nopl xtopology nonstop_tsc aperfmperf pni dtes64 monitor ds_cpl vmx smx est tm2 ssse3 cx16 xtpr pdcm sse4_1 sse4_2 popcnt lahf_lm ida dtherm tpr_shadow vnmi flexpriority ept vpid
bogomips	: 3724.29
clflush size	: 64
cache_alignment	: 64
address sizes	: 36 bits physical, 48 bits virtual
power management:

processor	: 6
vendor_id	: GenuineIntel
cpu family	: 6
model		: 30
model name	: Intel(R) Core(TM) i7 CPU       Q 840  @ 1.87GHz
stepping	: 5
microcode	: 0x3
cpu MHz		: 1199.000
cache size	: 8192 KB
physical id	: 0
siblings	: 8
core id		: 2
cpu cores	: 4
apicid		: 5
initial apicid	: 5
fpu		: yes
fpu_exception	: yes
cpuid level	: 11
wp		: yes
flags		: fpu vme de pse tsc msr pae mce cx8 apic sep mtrr pge mca cmov pat pse36 clflush dts acpi mmx fxsr sse sse2 ss ht tm pbe syscall nx rdtscp lm constant_tsc arch_perfmon pebs bts rep_good nopl xtopology nonstop_tsc aperfmperf pni dtes64 monitor ds_cpl vmx smx est tm2 ssse3 cx16 xtpr pdcm sse4_1 sse4_2 popcnt lahf_lm ida dtherm tpr_shadow vnmi flexpriority ept vpid
bogomips	: 3724.29
clflush size	: 64
cache_alignment	: 64
address sizes	: 36 bits physical, 48 bits virtual
power management:

processor	: 7
vendor_id	: GenuineIntel
cpu family	: 6
model		: 30
model name	: Intel(R) Core(TM) i7 CPU       Q 840  @ 1.87GHz
stepping	: 5
microcode	: 0x3
cpu MHz		: 1199.000
cache size	: 8192 KB
physical id	: 0
siblings	: 8
core id		: 3
cpu cores	: 4
apicid		: 7
initial apicid	: 7
fpu		: yes
fpu_exception	: yes
cpuid level	: 11
wp		: yes
flags		: fpu vme de pse tsc msr pae mce cx8 apic sep mtrr pge mca cmov pat pse36 clflush dts acpi mmx fxsr sse sse2 ss ht tm pbe syscall nx rdtscp lm constant_tsc arch_perfmon pebs bts rep_good nopl xtopology nonstop_tsc aperfmperf pni dtes64 monitor ds_cpl vmx smx est tm2 ssse3 cx16 xtpr pdcm sse4_1 sse4_2 popcnt lahf_lm ida dtherm tpr_shadow vnmi flexpriority ept vpid
bogomips	: 3724.29
clflush size	: 64
cache_alignment	: 64
address sizes	: 36 bits physical, 48 bits virtual
power management:



Memory: 4k page, physical 4037728k(87664k free), swap 1953120k(0k free)

vm_info: OpenJDK 64-Bit Server VM (24.79-b02) for linux-amd64 JRE (1.7.0_79-b14), built on Apr 16 2015 08:21:58 by "buildd" with gcc 4.8.2

time: Sun Mar  6 02:53:40 2016
elapsed time: 112 seconds

